12:10:03.000 INFO  .................................. 
12:10:03.000 INFO  Usuario cargado... 
12:10:03.084 INFO  Cargando las llaves de configuracion... 
12:10:03.085 INFO  Consultando ordenes para envio... 
12:10:03.255 INFO  Cargando listado de demograficos... 
12:10:04.248 INFO  No se encontraron ordenes para enviar... 
12:12:02.617 INFO  .................................. 
12:12:02.617 INFO  Usuario cargado... 
12:12:02.685 INFO  Cargando las llaves de configuracion... 
12:12:02.685 INFO  Consultando ordenes para envio... 
12:12:02.860 INFO  Cargando listado de demograficos... 
12:12:03.033 INFO  No se encontraron ordenes para enviar... 
12:14:03.234 INFO  .................................. 
12:14:03.234 INFO  Usuario cargado... 
12:14:03.296 INFO  Cargando las llaves de configuracion... 
12:14:03.296 INFO  Consultando ordenes para envio... 
12:14:03.464 INFO  Cargando listado de demograficos... 
12:14:32.451 INFO  No se encontraron ordenes para enviar... 
12:16:02.684 INFO  .................................. 
12:16:02.684 INFO  Usuario cargado... 
12:16:02.745 INFO  Cargando las llaves de configuracion... 
12:16:02.746 INFO  Consultando ordenes para envio... 
12:16:02.919 INFO  Cargando listado de demograficos... 
12:16:13.871 INFO  Total de ordenes encontradas 1 
12:16:19.048 INFO  Se envio reporte de resultados de la orden[object Object] 
12:16:20.320 INFO  Fin del envio de las ordenes encontradas... 
12:16:20.320 INFO  .......................... 
12:18:01.191 INFO  .................................. 
12:18:01.191 INFO  Usuario cargado... 
12:18:01.262 INFO  Cargando las llaves de configuracion... 
12:18:01.263 INFO  Consultando ordenes para envio... 
12:18:01.463 INFO  Cargando listado de demograficos... 
12:18:06.704 INFO  No se encontraron ordenes para enviar... 
12:20:03.017 INFO  .................................. 
12:20:03.017 INFO  Usuario cargado... 
12:20:03.093 INFO  Cargando las llaves de configuracion... 
12:20:03.093 INFO  Consultando ordenes para envio... 
12:20:03.295 INFO  Cargando listado de demograficos... 
12:20:03.451 INFO  No se encontraron ordenes para enviar... 
12:22:02.285 INFO  .................................. 
12:22:02.286 INFO  Usuario cargado... 
12:22:02.352 INFO  Cargando las llaves de configuracion... 
12:22:02.352 INFO  Consultando ordenes para envio... 
12:22:02.527 INFO  Cargando listado de demograficos... 
12:22:03.484 INFO  No se encontraron ordenes para enviar... 
12:24:03.421 INFO  .................................. 
12:24:03.421 INFO  Usuario cargado... 
12:24:03.486 INFO  Cargando las llaves de configuracion... 
12:24:03.486 INFO  Consultando ordenes para envio... 
12:24:03.690 INFO  Cargando listado de demograficos... 
12:24:03.848 INFO  No se encontraron ordenes para enviar... 
12:26:02.775 INFO  .................................. 
12:26:02.775 INFO  Usuario cargado... 
12:26:02.845 INFO  Cargando las llaves de configuracion... 
12:26:02.845 INFO  Consultando ordenes para envio... 
12:26:03.033 INFO  Cargando listado de demograficos... 
12:26:03.184 INFO  No se encontraron ordenes para enviar... 
12:28:03.313 INFO  .................................. 
12:28:03.313 INFO  Usuario cargado... 
12:28:03.374 INFO  Cargando las llaves de configuracion... 
12:28:03.374 INFO  Consultando ordenes para envio... 
12:28:03.556 INFO  Cargando listado de demograficos... 
12:28:03.721 INFO  No se encontraron ordenes para enviar... 
12:30:02.937 INFO  .................................. 
12:30:02.937 INFO  Usuario cargado... 
12:30:03.005 INFO  Cargando las llaves de configuracion... 
12:30:03.006 INFO  Consultando ordenes para envio... 
12:30:03.177 INFO  Cargando listado de demograficos... 
12:30:03.342 INFO  No se encontraron ordenes para enviar... 
12:32:02.770 INFO  .................................. 
12:32:02.770 INFO  Usuario cargado... 
12:32:02.830 INFO  Cargando las llaves de configuracion... 
12:32:02.830 INFO  Consultando ordenes para envio... 
12:32:03.017 INFO  Cargando listado de demograficos... 
12:32:03.188 INFO  No se encontraron ordenes para enviar... 
12:34:03.275 INFO  .................................. 
12:34:03.275 INFO  Usuario cargado... 
12:34:03.336 INFO  Cargando las llaves de configuracion... 
12:34:03.337 INFO  Consultando ordenes para envio... 
12:34:03.521 INFO  Cargando listado de demograficos... 
12:34:03.665 INFO  No se encontraron ordenes para enviar... 
12:36:01.227 INFO  .................................. 
12:36:01.227 INFO  Usuario cargado... 
12:36:01.287 INFO  Cargando las llaves de configuracion... 
12:36:01.287 INFO  Consultando ordenes para envio... 
12:36:01.463 INFO  Cargando listado de demograficos... 
12:36:02.433 INFO  No se encontraron ordenes para enviar... 
12:38:02.647 INFO  .................................. 
12:38:02.647 INFO  Usuario cargado... 
12:38:02.708 INFO  Cargando las llaves de configuracion... 
12:38:02.710 INFO  Consultando ordenes para envio... 
12:38:02.874 INFO  Cargando listado de demograficos... 
12:38:03.030 INFO  No se encontraron ordenes para enviar... 
12:40:03.431 INFO  .................................. 
12:40:03.431 INFO  Usuario cargado... 
12:40:03.489 INFO  Cargando las llaves de configuracion... 
12:40:03.489 INFO  Consultando ordenes para envio... 
12:40:03.650 INFO  Cargando listado de demograficos... 
12:40:03.808 INFO  No se encontraron ordenes para enviar... 
12:42:02.762 INFO  .................................. 
12:42:02.762 INFO  Usuario cargado... 
12:42:02.821 INFO  Cargando las llaves de configuracion... 
12:42:02.822 INFO  Consultando ordenes para envio... 
12:42:02.999 INFO  Cargando listado de demograficos... 
12:42:03.160 INFO  No se encontraron ordenes para enviar... 
12:44:02.597 INFO  .................................. 
12:44:02.597 INFO  Usuario cargado... 
12:44:02.655 INFO  Cargando las llaves de configuracion... 
12:44:02.655 INFO  Consultando ordenes para envio... 
12:44:02.826 INFO  Cargando listado de demograficos... 
12:44:02.977 INFO  No se encontraron ordenes para enviar... 
12:46:03.167 INFO  .................................. 
12:46:03.167 INFO  Usuario cargado... 
12:46:03.225 INFO  Cargando las llaves de configuracion... 
12:46:03.225 INFO  Consultando ordenes para envio... 
12:46:03.392 INFO  Cargando listado de demograficos... 
12:46:03.557 INFO  No se encontraron ordenes para enviar... 
12:48:02.802 INFO  .................................. 
12:48:02.802 INFO  Usuario cargado... 
12:48:02.860 INFO  Cargando las llaves de configuracion... 
12:48:02.860 INFO  Consultando ordenes para envio... 
12:48:03.029 INFO  Cargando listado de demograficos... 
12:48:03.211 INFO  No se encontraron ordenes para enviar... 
12:50:03.048 INFO  .................................. 
12:50:03.048 INFO  Usuario cargado... 
12:50:03.113 INFO  Cargando las llaves de configuracion... 
12:50:03.113 INFO  Consultando ordenes para envio... 
12:50:03.291 INFO  Cargando listado de demograficos... 
12:50:03.449 INFO  No se encontraron ordenes para enviar... 
12:52:01.263 INFO  .................................. 
12:52:01.263 INFO  Usuario cargado... 
12:52:01.327 INFO  Cargando las llaves de configuracion... 
12:52:01.328 INFO  Consultando ordenes para envio... 
12:52:01.514 INFO  Cargando listado de demograficos... 
12:52:02.492 INFO  No se encontraron ordenes para enviar... 
12:54:02.481 INFO  .................................. 
12:54:02.481 INFO  Usuario cargado... 
12:54:02.544 INFO  Cargando las llaves de configuracion... 
12:54:02.544 INFO  Consultando ordenes para envio... 
12:54:02.716 INFO  Cargando listado de demograficos... 
12:54:02.872 INFO  No se encontraron ordenes para enviar... 
12:56:03.340 INFO  .................................. 
12:56:03.340 INFO  Usuario cargado... 
12:56:03.418 INFO  Cargando las llaves de configuracion... 
12:56:03.418 INFO  Consultando ordenes para envio... 
12:56:03.590 INFO  Cargando listado de demograficos... 
12:56:03.762 INFO  No se encontraron ordenes para enviar... 
12:58:02.775 INFO  .................................. 
12:58:02.775 INFO  Usuario cargado... 
12:58:02.821 INFO  Cargando las llaves de configuracion... 
12:58:02.821 INFO  Consultando ordenes para envio... 
12:58:02.993 INFO  Cargando listado de demograficos... 
12:58:03.181 INFO  No se encontraron ordenes para enviar... 
13:00:01.185 INFO  .................................. 
13:00:01.185 INFO  Usuario cargado... 
13:00:01.247 INFO  Cargando las llaves de configuracion... 
13:00:01.247 INFO  Consultando ordenes para envio... 
13:00:01.419 INFO  Cargando listado de demograficos... 
13:00:01.575 INFO  No se encontraron ordenes para enviar... 
13:02:03.046 INFO  .................................. 
13:02:03.046 INFO  Usuario cargado... 
13:02:03.093 INFO  Cargando las llaves de configuracion... 
13:02:03.093 INFO  Consultando ordenes para envio... 
13:02:03.296 INFO  Cargando listado de demograficos... 
13:02:03.452 INFO  No se encontraron ordenes para enviar... 
13:04:03.200 INFO  .................................. 
13:04:03.200 INFO  Usuario cargado... 
13:04:03.262 INFO  Cargando las llaves de configuracion... 
13:04:03.262 INFO  Consultando ordenes para envio... 
13:04:03.465 INFO  Cargando listado de demograficos... 
13:04:03.637 INFO  No se encontraron ordenes para enviar... 
13:06:02.451 INFO  .................................. 
13:06:02.451 INFO  Usuario cargado... 
13:06:02.514 INFO  Cargando las llaves de configuracion... 
13:06:02.514 INFO  Consultando ordenes para envio... 
13:06:02.686 INFO  Cargando listado de demograficos... 
13:06:02.842 INFO  No se encontraron ordenes para enviar... 
13:08:03.270 INFO  .................................. 
13:08:03.270 INFO  Usuario cargado... 
13:08:03.317 INFO  Cargando las llaves de configuracion... 
13:08:03.317 INFO  Consultando ordenes para envio... 
13:08:03.489 INFO  Cargando listado de demograficos... 
13:08:03.661 INFO  No se encontraron ordenes para enviar... 
13:10:02.448 INFO  .................................. 
13:10:02.448 INFO  Usuario cargado... 
13:10:02.510 INFO  Cargando las llaves de configuracion... 
13:10:02.510 INFO  Consultando ordenes para envio... 
13:10:02.667 INFO  Cargando listado de demograficos... 
13:10:02.917 INFO  No se encontraron ordenes para enviar... 
13:12:03.083 INFO  .................................. 
13:12:03.083 INFO  Usuario cargado... 
13:12:03.145 INFO  Cargando las llaves de configuracion... 
13:12:03.145 INFO  Consultando ordenes para envio... 
13:12:03.317 INFO  Cargando listado de demograficos... 
13:12:03.473 INFO  No se encontraron ordenes para enviar... 
13:14:03.281 INFO  .................................. 
13:14:03.281 INFO  Usuario cargado... 
13:14:03.343 INFO  Cargando las llaves de configuracion... 
13:14:03.343 INFO  Consultando ordenes para envio... 
13:14:03.515 INFO  Cargando listado de demograficos... 
13:14:03.671 INFO  No se encontraron ordenes para enviar... 
13:16:03.089 INFO  .................................. 
13:16:03.089 INFO  Usuario cargado... 
13:16:03.136 INFO  Cargando las llaves de configuracion... 
13:16:03.136 INFO  Consultando ordenes para envio... 
13:16:03.307 INFO  Cargando listado de demograficos... 
13:16:03.479 INFO  No se encontraron ordenes para enviar... 
13:18:02.918 INFO  .................................. 
13:18:02.918 INFO  Usuario cargado... 
13:18:02.981 INFO  Cargando las llaves de configuracion... 
13:18:02.981 INFO  Consultando ordenes para envio... 
13:18:03.168 INFO  Cargando listado de demograficos... 
13:18:03.309 INFO  No se encontraron ordenes para enviar... 
13:20:02.879 INFO  .................................. 
13:20:02.879 INFO  Usuario cargado... 
13:20:02.941 INFO  Cargando las llaves de configuracion... 
13:20:02.941 INFO  Consultando ordenes para envio... 
13:20:03.129 INFO  Cargando listado de demograficos... 
13:20:03.285 INFO  No se encontraron ordenes para enviar... 
13:22:01.238 INFO  .................................. 
13:22:01.238 INFO  Usuario cargado... 
13:22:01.301 INFO  Cargando las llaves de configuracion... 
13:22:01.301 INFO  Consultando ordenes para envio... 
13:22:01.488 INFO  Cargando listado de demograficos... 
13:22:01.660 INFO  No se encontraron ordenes para enviar... 
13:24:02.480 INFO  .................................. 
13:24:02.480 INFO  Usuario cargado... 
13:24:02.542 INFO  Cargando las llaves de configuracion... 
13:24:02.542 INFO  Consultando ordenes para envio... 
13:24:02.714 INFO  Cargando listado de demograficos... 
13:24:02.886 INFO  No se encontraron ordenes para enviar... 
13:26:01.234 INFO  .................................. 
13:26:01.234 INFO  Usuario cargado... 
13:26:01.296 INFO  Cargando las llaves de configuracion... 
13:26:01.296 INFO  Consultando ordenes para envio... 
13:26:01.484 INFO  Cargando listado de demograficos... 
13:26:01.687 INFO  No se encontraron ordenes para enviar... 
13:28:02.587 INFO  .................................. 
13:28:02.587 INFO  Usuario cargado... 
13:28:02.650 INFO  Cargando las llaves de configuracion... 
13:28:02.650 INFO  Consultando ordenes para envio... 
13:28:02.837 INFO  Cargando listado de demograficos... 
13:28:03.009 INFO  No se encontraron ordenes para enviar... 
13:30:03.371 INFO  .................................. 
13:30:03.371 INFO  Usuario cargado... 
13:30:03.418 INFO  Cargando las llaves de configuracion... 
13:30:03.418 INFO  Consultando ordenes para envio... 
13:30:03.590 INFO  Cargando listado de demograficos... 
13:30:03.746 INFO  No se encontraron ordenes para enviar... 
13:32:03.274 INFO  .................................. 
13:32:03.274 INFO  Usuario cargado... 
13:32:03.336 INFO  Cargando las llaves de configuracion... 
13:32:03.336 INFO  Consultando ordenes para envio... 
13:32:03.508 INFO  Cargando listado de demograficos... 
13:32:03.665 INFO  No se encontraron ordenes para enviar... 
13:34:03.857 INFO  .................................. 
13:34:03.857 INFO  Usuario cargado... 
13:34:03.919 INFO  Cargando las llaves de configuracion... 
13:34:03.919 INFO  Consultando ordenes para envio... 
13:34:04.091 INFO  Cargando listado de demograficos... 
13:34:04.249 INFO  No se encontraron ordenes para enviar... 
13:36:02.927 INFO  .................................. 
13:36:02.927 INFO  Usuario cargado... 
13:36:02.989 INFO  Cargando las llaves de configuracion... 
13:36:02.989 INFO  Consultando ordenes para envio... 
13:36:03.161 INFO  Cargando listado de demograficos... 
13:36:03.333 INFO  No se encontraron ordenes para enviar... 
13:38:02.716 INFO  .................................. 
13:38:02.716 INFO  Usuario cargado... 
13:38:02.779 INFO  Cargando las llaves de configuracion... 
13:38:02.779 INFO  Consultando ordenes para envio... 
13:38:02.950 INFO  Cargando listado de demograficos... 
13:38:03.107 INFO  No se encontraron ordenes para enviar... 
13:40:01.275 INFO  .................................. 
13:40:01.275 INFO  Usuario cargado... 
13:40:01.338 INFO  Cargando las llaves de configuracion... 
13:40:01.338 INFO  Consultando ordenes para envio... 
13:40:01.510 INFO  Cargando listado de demograficos... 
13:40:01.666 INFO  No se encontraron ordenes para enviar... 
13:42:01.265 INFO  .................................. 
13:42:01.265 INFO  Usuario cargado... 
13:42:01.312 INFO  Cargando las llaves de configuracion... 
13:42:01.312 INFO  Consultando ordenes para envio... 
13:42:01.484 INFO  Cargando listado de demograficos... 
13:42:01.640 INFO  No se encontraron ordenes para enviar... 
13:44:03.723 INFO  .................................. 
13:44:03.723 INFO  Usuario cargado... 
13:44:03.779 INFO  Cargando las llaves de configuracion... 
13:44:03.779 INFO  Consultando ordenes para envio... 
13:44:03.957 INFO  Cargando listado de demograficos... 
13:44:04.157 INFO  No se encontraron ordenes para enviar... 
13:46:01.270 INFO  .................................. 
13:46:01.270 INFO  Usuario cargado... 
13:46:01.347 INFO  Cargando las llaves de configuracion... 
13:46:01.347 INFO  Consultando ordenes para envio... 
13:46:01.519 INFO  Cargando listado de demograficos... 
13:46:01.677 INFO  No se encontraron ordenes para enviar... 
13:48:02.731 INFO  .................................. 
13:48:02.731 INFO  Usuario cargado... 
13:48:02.811 INFO  Cargando las llaves de configuracion... 
13:48:02.812 INFO  Consultando ordenes para envio... 
13:48:02.992 INFO  Cargando listado de demograficos... 
13:48:03.162 INFO  No se encontraron ordenes para enviar... 
13:50:00.291 ERROR Problemas con el servicio de autenticacionError: Request failed with status code 404 
13:52:00.058 ERROR Problemas con el servicio de autenticacionError: connect EADDRINUSE 127.0.0.1:8080 
13:54:00.872 ERROR Problemas con el servicio de autenticacionError: connect EADDRINUSE 127.0.0.1:8080 
13:56:00.636 ERROR Problemas con el servicio de autenticacionError: connect EADDRINUSE 127.0.0.1:8080 
13:58:00.396 ERROR Problemas con el servicio de autenticacionError: connect EADDRINUSE 127.0.0.1:8080 
14:00:00.116 ERROR Problemas con el servicio de autenticacionError: connect EADDRINUSE 127.0.0.1:8080 
14:02:00.844 ERROR Problemas con el servicio de autenticacionError: Request failed with status code 404 
14:04:00.608 ERROR Problemas con el servicio de autenticacionError: Request failed with status code 404 
14:06:00.316 ERROR Problemas con el servicio de autenticacionError: Request failed with status code 404 
14:08:00.004 ERROR Problemas con el servicio de autenticacionError: Request failed with status code 404 
14:10:00.715 ERROR Problemas con el servicio de autenticacionError: Request failed with status code 404 
14:12:00.421 ERROR Problemas con el servicio de autenticacionError: connect EADDRINUSE 127.0.0.1:8080 
14:14:00.041 ERROR Problemas con el servicio de autenticacionError: connect EADDRINUSE 127.0.0.1:8080 
14:16:00.731 ERROR Problemas con el servicio de autenticacionError: Request failed with status code 404 
14:18:00.498 ERROR Problemas con el servicio de autenticacionError: connect EADDRINUSE 127.0.0.1:8080 
14:20:00.187 ERROR Problemas con el servicio de autenticacionError: Request failed with status code 404 
14:22:00.876 ERROR Problemas con el servicio de autenticacionError: connect EADDRINUSE 127.0.0.1:8080 
14:24:00.601 ERROR Problemas con el servicio de autenticacionError: Request failed with status code 404 
14:26:00.335 ERROR Problemas con el servicio de autenticacionError: Request failed with status code 404 
14:28:00.066 ERROR Problemas con el servicio de autenticacionError: Request failed with status code 404 
14:30:00.795 ERROR Problemas con el servicio de autenticacionError: Request failed with status code 404 
14:32:00.498 ERROR Problemas con el servicio de autenticacionError: Request failed with status code 404 
14:34:00.249 ERROR Problemas con el servicio de autenticacionError: Request failed with status code 404 
14:36:00.037 ERROR Problemas con el servicio de autenticacionError: Request failed with status code 404 
14:38:00.761 ERROR Problemas con el servicio de autenticacionError: Request failed with status code 404 
14:40:00.464 ERROR Problemas con el servicio de autenticacionError: Request failed with status code 404 
14:42:00.115 ERROR Problemas con el servicio de autenticacionError: Request failed with status code 404 
14:44:00.812 ERROR Problemas con el servicio de autenticacionError: Request failed with status code 404 
14:46:00.591 ERROR Problemas con el servicio de autenticacionError: Request failed with status code 404 
14:48:00.287 ERROR Problemas con el servicio de autenticacionError: Request failed with status code 404 
14:50:00.938 ERROR Problemas con el servicio de autenticacionError: connect EADDRINUSE 127.0.0.1:8080 
14:52:00.610 ERROR Problemas con el servicio de autenticacionError: Request failed with status code 404 
14:54:00.228 ERROR Problemas con el servicio de autenticacionError: Request failed with status code 404 
14:56:00.978 ERROR Problemas con el servicio de autenticacionError: Request failed with status code 404 
14:58:00.711 ERROR Problemas con el servicio de autenticacionError: connect EADDRINUSE 127.0.0.1:8080 
15:00:00.323 ERROR Problemas con el servicio de autenticacionError: connect EADDRINUSE 127.0.0.1:8080 
15:02:00.062 ERROR Problemas con el servicio de autenticacionError: connect EADDRINUSE 127.0.0.1:8080 
15:04:00.746 ERROR Problemas con el servicio de autenticacionError: Request failed with status code 404 
15:06:00.383 ERROR Problemas con el servicio de autenticacionError: Request failed with status code 404 
15:08:00.146 ERROR Problemas con el servicio de autenticacionError: Request failed with status code 404 
15:10:00.825 ERROR Problemas con el servicio de autenticacionError: Request failed with status code 404 
15:12:00.472 ERROR Problemas con el servicio de autenticacionError: Request failed with status code 404 
15:14:00.134 ERROR Problemas con el servicio de autenticacionError: Request failed with status code 404 
15:16:00.863 ERROR Problemas con el servicio de autenticacionError: connect EADDRINUSE 127.0.0.1:8080 
15:18:00.522 ERROR Problemas con el servicio de autenticacionError: Request failed with status code 404 
15:20:00.233 ERROR Problemas con el servicio de autenticacionError: Request failed with status code 404 
15:22:00.912 ERROR Problemas con el servicio de autenticacionError: connect EADDRINUSE 127.0.0.1:8080 
15:24:00.645 ERROR Problemas con el servicio de autenticacionError: Request failed with status code 404 
15:26:00.302 ERROR Problemas con el servicio de autenticacionError: Request failed with status code 404 
15:28:00.022 ERROR Problemas con el servicio de autenticacionError: connect EADDRINUSE 127.0.0.1:8080 
15:30:00.799 ERROR Problemas con el servicio de autenticacionError: connect EADDRINUSE 127.0.0.1:8080 
15:32:00.561 ERROR Problemas con el servicio de autenticacionError: connect EADDRINUSE 127.0.0.1:8080 
15:34:00.189 ERROR Problemas con el servicio de autenticacionError: connect EADDRINUSE 127.0.0.1:8080 
15:36:00.817 ERROR Problemas con el servicio de autenticacionError: connect EADDRINUSE 127.0.0.1:8080 
15:38:00.463 ERROR Problemas con el servicio de autenticacionError: connect EADDRINUSE 127.0.0.1:8080 
15:40:00.078 ERROR Problemas con el servicio de autenticacionError: connect EADDRINUSE 127.0.0.1:8080 
15:42:00.767 ERROR Problemas con el servicio de autenticacionError: connect EADDRINUSE 127.0.0.1:8080 
15:44:00.406 ERROR Problemas con el servicio de autenticacionError: connect EADDRINUSE 127.0.0.1:8080 
15:46:00.168 ERROR Problemas con el servicio de autenticacionError: Request failed with status code 404 
15:48:00.883 ERROR Problemas con el servicio de autenticacionError: Request failed with status code 404 
15:50:00.666 ERROR Problemas con el servicio de autenticacionError: connect EADDRINUSE 127.0.0.1:8080 
15:52:00.282 ERROR Problemas con el servicio de autenticacionError: connect EADDRINUSE 127.0.0.1:8080 
15:54:00.031 ERROR Problemas con el servicio de autenticacionError: connect EADDRINUSE 127.0.0.1:8080 
15:56:00.792 ERROR Problemas con el servicio de autenticacionError: connect EADDRINUSE 127.0.0.1:8080 
15:58:00.457 ERROR Problemas con el servicio de autenticacionError: connect EADDRINUSE 127.0.0.1:8080 
16:00:00.199 ERROR Problemas con el servicio de autenticacionError: Request failed with status code 404 
16:02:00.950 ERROR Problemas con el servicio de autenticacionError: connect EADDRINUSE 127.0.0.1:8080 
16:04:00.726 ERROR Problemas con el servicio de autenticacionError: connect EADDRINUSE 127.0.0.1:8080 
16:06:00.556 ERROR Problemas con el servicio de autenticacionError: Request failed with status code 404 
16:08:00.257 ERROR Problemas con el servicio de autenticacionError: connect EADDRINUSE 127.0.0.1:8080 
16:10:00.947 ERROR Problemas con el servicio de autenticacionError: connect EADDRINUSE 127.0.0.1:8080 
16:12:00.680 ERROR Problemas con el servicio de autenticacionError: connect EADDRINUSE 127.0.0.1:8080 
16:14:00.426 ERROR Problemas con el servicio de autenticacionError: connect EADDRINUSE 127.0.0.1:8080 
16:16:00.619 ERROR Problemas con el servicio de autenticacionError: connect EADDRINUSE 127.0.0.1:8080 
16:18:00.095 ERROR Problemas con el servicio de autenticacionError: connect EADDRINUSE 127.0.0.1:8080 
16:20:00.531 ERROR Problemas con el servicio de autenticacionError: connect EADDRINUSE 127.0.0.1:8080 
16:22:00.016 ERROR Problemas con el servicio de autenticacionError: connect EADDRINUSE 127.0.0.1:8080 
16:24:00.505 ERROR Problemas con el servicio de autenticacionError: connect EADDRINUSE 127.0.0.1:8080 
16:26:00.995 ERROR Problemas con el servicio de autenticacionError: connect EADDRINUSE 127.0.0.1:8080 
16:28:00.468 ERROR Problemas con el servicio de autenticacionError: connect EADDRINUSE 127.0.0.1:8080 
16:30:00.967 ERROR Problemas con el servicio de autenticacionError: Request failed with status code 404 
16:32:00.452 ERROR Problemas con el servicio de autenticacionError: connect EADDRINUSE 127.0.0.1:8080 
16:34:00.713 ERROR Problemas con el servicio de autenticacionError: Request failed with status code 404 
16:36:00.165 ERROR Problemas con el servicio de autenticacionError: connect EADDRINUSE 127.0.0.1:8080 
16:38:00.622 ERROR Problemas con el servicio de autenticacionError: connect EADDRINUSE 127.0.0.1:8080 
16:40:00.094 ERROR Problemas con el servicio de autenticacionError: connect EADDRINUSE 127.0.0.1:8080 
16:42:00.548 ERROR Problemas con el servicio de autenticacionError: connect EADDRINUSE 127.0.0.1:8080 
16:44:00.959 ERROR Problemas con el servicio de autenticacionError: connect EADDRINUSE 127.0.0.1:8080 
16:46:00.414 ERROR Problemas con el servicio de autenticacionError: connect EADDRINUSE 127.0.0.1:8080 
16:48:00.901 ERROR Problemas con el servicio de autenticacionError: connect EADDRINUSE 127.0.0.1:8080 
16:50:00.372 ERROR Problemas con el servicio de autenticacionError: Request failed with status code 404 
16:52:00.844 ERROR Problemas con el servicio de autenticacionError: connect EADDRINUSE 127.0.0.1:8080 
16:54:00.330 ERROR Problemas con el servicio de autenticacionError: connect EADDRINUSE 127.0.0.1:8080 
16:56:00.773 ERROR Problemas con el servicio de autenticacionError: connect EADDRINUSE 127.0.0.1:8080 
16:58:00.221 ERROR Problemas con el servicio de autenticacionError: Request failed with status code 404 
17:00:00.670 ERROR Problemas con el servicio de autenticacionError: Request failed with status code 404 
17:02:00.078 ERROR Problemas con el servicio de autenticacionError: connect EADDRINUSE 127.0.0.1:8080 
17:04:00.491 ERROR Problemas con el servicio de autenticacionError: connect EADDRINUSE 127.0.0.1:8080 
