14:54:00.555 INFO  .................................. 
14:54:00.555 INFO  Usuario cargado... 
14:54:00.596 INFO  Cargando las llaves de configuracion... 
14:54:00.597 INFO  Cargando plantilla de demograficos... 
14:54:00.597 INFO  Consultando ordenes para envio... 
14:54:00.640 INFO  Idiomas cargados correctamente 
14:54:00.668 INFO  Total de ordenes encontradas 1 
14:54:08.168 INFO  Se envio reporte de resultados de la orden[object Object] 
14:54:08.256 INFO  Fin del envio de las ordenes encontradas... 
14:54:08.256 INFO  .......................... 
14:56:00.630 INFO  .................................. 
14:56:00.630 INFO  Usuario cargado... 
14:56:00.662 INFO  Cargando las llaves de configuracion... 
14:56:00.663 INFO  Cargando plantilla de demograficos... 
14:56:00.663 INFO  Consultando ordenes para envio... 
14:56:00.667 INFO  Idiomas cargados correctamente 
14:56:00.724 INFO  No se encontraron ordenes para enviar... 
14:58:01.085 INFO  .................................. 
14:58:01.085 INFO  Usuario cargado... 
14:58:01.129 INFO  Cargando las llaves de configuracion... 
14:58:01.130 INFO  Cargando plantilla de demograficos... 
14:58:01.130 INFO  Consultando ordenes para envio... 
14:58:01.132 INFO  Idiomas cargados correctamente 
14:58:01.183 INFO  No se encontraron ordenes para enviar... 
15:00:00.175 INFO  .................................. 
15:00:00.175 INFO  Usuario cargado... 
15:00:00.221 INFO  Cargando las llaves de configuracion... 
15:00:00.221 INFO  Cargando plantilla de demograficos... 
15:00:00.221 INFO  Consultando ordenes para envio... 
15:00:00.223 INFO  Idiomas cargados correctamente 
15:00:00.303 INFO  No se encontraron ordenes para enviar... 
15:02:00.398 INFO  .................................. 
15:02:00.398 INFO  Usuario cargado... 
15:02:00.440 INFO  Cargando las llaves de configuracion... 
15:02:00.441 INFO  Cargando plantilla de demograficos... 
15:02:00.441 INFO  Consultando ordenes para envio... 
15:02:00.442 INFO  Idiomas cargados correctamente 
15:02:00.511 INFO  No se encontraron ordenes para enviar... 
15:04:00.820 INFO  .................................. 
15:04:00.820 INFO  Usuario cargado... 
15:04:00.859 INFO  Cargando las llaves de configuracion... 
15:04:00.860 INFO  Cargando plantilla de demograficos... 
15:04:00.860 INFO  Consultando ordenes para envio... 
15:04:00.861 INFO  Idiomas cargados correctamente 
15:04:00.926 INFO  No se encontraron ordenes para enviar... 
15:06:00.787 INFO  .................................. 
15:06:00.787 INFO  Usuario cargado... 
15:06:00.828 INFO  Cargando las llaves de configuracion... 
15:06:00.828 INFO  Cargando plantilla de demograficos... 
15:06:00.828 INFO  Consultando ordenes para envio... 
15:06:00.830 INFO  Idiomas cargados correctamente 
15:06:00.891 INFO  No se encontraron ordenes para enviar... 
15:08:01.009 INFO  .................................. 
15:08:01.009 INFO  Usuario cargado... 
15:08:01.051 INFO  Cargando las llaves de configuracion... 
15:08:01.051 INFO  Cargando plantilla de demograficos... 
15:08:01.051 INFO  Consultando ordenes para envio... 
15:08:01.052 INFO  Idiomas cargados correctamente 
15:08:01.104 INFO  No se encontraron ordenes para enviar... 
15:10:00.248 INFO  .................................. 
15:10:00.248 INFO  Usuario cargado... 
15:10:00.290 INFO  Cargando las llaves de configuracion... 
15:10:00.290 INFO  Cargando plantilla de demograficos... 
15:10:00.290 INFO  Consultando ordenes para envio... 
15:10:00.292 INFO  Idiomas cargados correctamente 
15:10:00.351 INFO  No se encontraron ordenes para enviar... 
15:12:00.409 INFO  .................................. 
15:12:00.409 INFO  Usuario cargado... 
15:12:00.481 INFO  Cargando las llaves de configuracion... 
15:12:00.482 INFO  Cargando plantilla de demograficos... 
15:12:00.482 INFO  Consultando ordenes para envio... 
15:12:00.484 INFO  Idiomas cargados correctamente 
15:12:00.536 INFO  No se encontraron ordenes para enviar... 
15:14:00.494 INFO  .................................. 
15:14:00.494 INFO  Usuario cargado... 
15:14:00.569 INFO  Cargando las llaves de configuracion... 
15:14:00.569 INFO  Cargando plantilla de demograficos... 
15:14:00.569 INFO  Consultando ordenes para envio... 
15:14:00.571 INFO  Idiomas cargados correctamente 
15:14:00.644 INFO  No se encontraron ordenes para enviar... 
15:16:00.764 INFO  .................................. 
15:16:00.764 INFO  Usuario cargado... 
15:16:00.797 INFO  Cargando las llaves de configuracion... 
15:16:00.797 INFO  Cargando plantilla de demograficos... 
15:16:00.797 INFO  Consultando ordenes para envio... 
15:16:00.798 INFO  Idiomas cargados correctamente 
15:16:00.859 INFO  No se encontraron ordenes para enviar... 
15:18:00.197 INFO  .................................. 
15:18:00.197 INFO  Usuario cargado... 
15:18:00.256 INFO  Cargando las llaves de configuracion... 
15:18:00.256 INFO  Cargando plantilla de demograficos... 
15:18:00.257 INFO  Consultando ordenes para envio... 
15:18:00.259 INFO  Idiomas cargados correctamente 
15:18:00.326 INFO  No se encontraron ordenes para enviar... 
15:20:00.682 INFO  .................................. 
15:20:00.682 INFO  Usuario cargado... 
15:20:00.921 INFO  Cargando las llaves de configuracion... 
15:20:00.921 INFO  Cargando plantilla de demograficos... 
15:20:00.921 INFO  Consultando ordenes para envio... 
15:20:00.924 INFO  Idiomas cargados correctamente 
15:20:00.978 INFO  No se encontraron ordenes para enviar... 
15:22:00.691 INFO  .................................. 
15:22:00.691 INFO  Usuario cargado... 
15:22:00.774 INFO  Cargando las llaves de configuracion... 
15:22:00.774 INFO  Cargando plantilla de demograficos... 
15:22:00.774 INFO  Consultando ordenes para envio... 
15:22:00.777 INFO  Idiomas cargados correctamente 
15:22:00.840 INFO  No se encontraron ordenes para enviar... 
15:24:00.910 INFO  .................................. 
15:24:00.910 INFO  Usuario cargado... 
15:24:00.952 INFO  Cargando las llaves de configuracion... 
15:24:00.952 INFO  Cargando plantilla de demograficos... 
15:24:00.952 INFO  Consultando ordenes para envio... 
15:24:00.954 INFO  Idiomas cargados correctamente 
15:24:01.008 INFO  No se encontraron ordenes para enviar... 
15:26:00.987 INFO  .................................. 
15:26:00.987 INFO  Usuario cargado... 
15:26:01.037 INFO  Cargando las llaves de configuracion... 
15:26:01.038 INFO  Cargando plantilla de demograficos... 
15:26:01.038 INFO  Consultando ordenes para envio... 
15:26:01.039 INFO  Idiomas cargados correctamente 
15:26:01.116 INFO  Total de ordenes encontradas 1 
15:26:04.566 INFO  Se envio reporte de resultados de la orden[object Object] 
15:26:04.628 INFO  Fin del envio de las ordenes encontradas... 
15:26:04.628 INFO  .......................... 
15:28:00.375 INFO  .................................. 
15:28:00.375 INFO  Usuario cargado... 
15:28:00.418 INFO  Cargando las llaves de configuracion... 
15:28:00.418 INFO  Cargando plantilla de demograficos... 
15:28:00.418 INFO  Consultando ordenes para envio... 
15:28:00.421 INFO  Idiomas cargados correctamente 
15:28:00.480 INFO  Total de ordenes encontradas 1 
15:28:02.989 INFO  Se envio reporte de resultados de la orden[object Object] 
15:28:03.037 INFO  Fin del envio de las ordenes encontradas... 
15:28:03.037 INFO  .......................... 
15:30:00.854 INFO  .................................. 
15:30:00.854 INFO  Usuario cargado... 
15:30:00.898 INFO  Cargando las llaves de configuracion... 
15:30:00.898 INFO  Cargando plantilla de demograficos... 
15:30:00.898 INFO  Consultando ordenes para envio... 
15:30:00.900 INFO  Idiomas cargados correctamente 
15:30:00.964 INFO  Total de ordenes encontradas 1 
15:30:03.233 INFO  Se envio reporte de resultados de la orden[object Object] 
15:30:03.276 INFO  Fin del envio de las ordenes encontradas... 
15:30:03.276 INFO  .......................... 
15:32:00.965 INFO  .................................. 
15:32:00.965 INFO  Usuario cargado... 
15:32:01.022 INFO  Cargando las llaves de configuracion... 
15:32:01.022 INFO  Cargando plantilla de demograficos... 
15:32:01.022 INFO  Consultando ordenes para envio... 
15:32:01.023 INFO  Idiomas cargados correctamente 
15:32:01.092 INFO  Total de ordenes encontradas 1 
15:32:03.530 INFO  Se envio reporte de resultados de la orden[object Object] 
15:32:03.585 INFO  Fin del envio de las ordenes encontradas... 
15:32:03.585 INFO  .......................... 
15:34:00.397 INFO  .................................. 
15:34:00.397 INFO  Usuario cargado... 
15:34:00.436 INFO  Cargando las llaves de configuracion... 
15:34:00.436 INFO  Cargando plantilla de demograficos... 
15:34:00.436 INFO  Consultando ordenes para envio... 
15:34:00.437 INFO  Idiomas cargados correctamente 
15:34:00.497 INFO  Total de ordenes encontradas 1 
15:34:02.976 INFO  Se envio reporte de resultados de la orden[object Object] 
15:34:03.026 INFO  Fin del envio de las ordenes encontradas... 
15:34:03.026 INFO  .......................... 
15:36:00.542 INFO  .................................. 
15:36:00.542 INFO  Usuario cargado... 
15:36:00.581 INFO  Cargando las llaves de configuracion... 
15:36:00.581 INFO  Cargando plantilla de demograficos... 
15:36:00.581 INFO  Consultando ordenes para envio... 
15:36:00.583 INFO  Idiomas cargados correctamente 
15:36:00.643 INFO  No se encontraron ordenes para enviar... 
15:38:01.076 INFO  .................................. 
15:38:01.076 INFO  Usuario cargado... 
15:38:01.154 INFO  Cargando las llaves de configuracion... 
15:38:01.154 INFO  Cargando plantilla de demograficos... 
15:38:01.155 INFO  Consultando ordenes para envio... 
15:38:01.157 INFO  Idiomas cargados correctamente 
15:38:01.228 INFO  No se encontraron ordenes para enviar... 
15:40:00.359 INFO  .................................. 
15:40:00.359 INFO  Usuario cargado... 
15:40:00.399 INFO  Cargando las llaves de configuracion... 
15:40:00.400 INFO  Cargando plantilla de demograficos... 
15:40:00.400 INFO  Consultando ordenes para envio... 
15:40:00.402 INFO  Idiomas cargados correctamente 
15:40:00.467 INFO  Total de ordenes encontradas 1 
15:40:00.527 INFO  La orden no se encuentra completamente validada...202412170003 
15:40:00.555 INFO  Fin del envio de las ordenes encontradas... 
15:40:00.555 INFO  .................................. 
15:42:00.522 INFO  .................................. 
15:42:00.522 INFO  Usuario cargado... 
15:42:00.566 INFO  Cargando las llaves de configuracion... 
15:42:00.567 INFO  Cargando plantilla de demograficos... 
15:42:00.567 INFO  Consultando ordenes para envio... 
15:42:00.568 INFO  Idiomas cargados correctamente 
15:42:00.630 INFO  Total de ordenes encontradas 1 
15:42:00.728 INFO  La orden no se encuentra completamente validada...202412170003 
15:42:00.728 INFO  Fin del envio de las ordenes encontradas... 
15:42:00.728 INFO  .................................. 
15:44:00.900 INFO  .................................. 
15:44:00.900 INFO  Usuario cargado... 
15:44:00.948 INFO  Cargando las llaves de configuracion... 
15:44:00.949 INFO  Cargando plantilla de demograficos... 
15:44:00.949 INFO  Consultando ordenes para envio... 
15:44:00.952 INFO  Idiomas cargados correctamente 
15:44:01.018 INFO  Total de ordenes encontradas 1 
15:44:01.083 INFO  La orden no se encuentra completamente validada...202412170003 
15:44:01.083 INFO  Fin del envio de las ordenes encontradas... 
15:44:01.084 INFO  .................................. 
15:46:00.993 INFO  .................................. 
15:46:00.993 INFO  Usuario cargado... 
15:46:01.031 INFO  Cargando las llaves de configuracion... 
15:46:01.031 INFO  Cargando plantilla de demograficos... 
15:46:01.031 INFO  Consultando ordenes para envio... 
15:46:01.033 INFO  Idiomas cargados correctamente 
15:46:01.088 INFO  Total de ordenes encontradas 1 
15:46:01.157 INFO  La orden no se encuentra completamente validada...202412170003 
15:46:01.157 INFO  Fin del envio de las ordenes encontradas... 
15:46:01.157 INFO  .................................. 
15:48:00.223 INFO  .................................. 
15:48:00.223 INFO  Usuario cargado... 
15:48:00.267 INFO  Cargando las llaves de configuracion... 
15:48:00.268 INFO  Cargando plantilla de demograficos... 
15:48:00.268 INFO  Consultando ordenes para envio... 
15:48:00.270 INFO  Idiomas cargados correctamente 
15:48:00.331 INFO  Total de ordenes encontradas 1 
15:48:00.389 INFO  La orden no se encuentra completamente validada...202412170003 
15:48:00.390 INFO  Fin del envio de las ordenes encontradas... 
15:48:00.390 INFO  .................................. 
15:50:00.994 INFO  .................................. 
15:50:00.994 INFO  Usuario cargado... 
15:50:01.044 INFO  Cargando las llaves de configuracion... 
15:50:01.044 INFO  Cargando plantilla de demograficos... 
15:50:01.044 INFO  Consultando ordenes para envio... 
15:50:01.047 INFO  Idiomas cargados correctamente 
15:50:01.101 INFO  No se encontraron ordenes para enviar... 
15:52:00.213 INFO  .................................. 
15:52:00.213 INFO  Usuario cargado... 
15:52:00.256 INFO  Cargando las llaves de configuracion... 
15:52:00.257 INFO  Cargando plantilla de demograficos... 
15:52:00.257 INFO  Consultando ordenes para envio... 
15:52:00.259 INFO  Idiomas cargados correctamente 
15:52:00.319 INFO  Total de ordenes encontradas 1 
15:52:00.393 INFO  La orden no se encuentra completamente validada...202412170006 
15:52:00.394 INFO  Fin del envio de las ordenes encontradas... 
15:52:00.394 INFO  .................................. 
15:54:00.428 INFO  .................................. 
15:54:00.428 INFO  Usuario cargado... 
15:54:00.468 INFO  Cargando las llaves de configuracion... 
15:54:00.469 INFO  Cargando plantilla de demograficos... 
15:54:00.469 INFO  Consultando ordenes para envio... 
15:54:00.471 INFO  Idiomas cargados correctamente 
15:54:00.525 INFO  Total de ordenes encontradas 1 
15:54:00.586 INFO  La orden no se encuentra completamente validada...202412170006 
15:54:00.586 INFO  Fin del envio de las ordenes encontradas... 
15:54:00.586 INFO  .................................. 
15:56:00.628 INFO  .................................. 
15:56:00.628 INFO  Usuario cargado... 
15:56:00.677 INFO  Cargando las llaves de configuracion... 
15:56:00.677 INFO  Cargando plantilla de demograficos... 
15:56:00.677 INFO  Consultando ordenes para envio... 
15:56:00.679 INFO  Idiomas cargados correctamente 
15:56:00.921 INFO  Total de ordenes encontradas 1 
15:56:00.992 INFO  La orden no se encuentra completamente validada...202412170006 
15:56:00.993 INFO  Fin del envio de las ordenes encontradas... 
15:56:00.993 INFO  .................................. 
15:58:00.831 INFO  .................................. 
15:58:00.831 INFO  Usuario cargado... 
15:58:00.875 INFO  Cargando las llaves de configuracion... 
15:58:00.875 INFO  Cargando plantilla de demograficos... 
15:58:00.875 INFO  Consultando ordenes para envio... 
15:58:00.877 INFO  Idiomas cargados correctamente 
15:58:00.952 INFO  Total de ordenes encontradas 1 
15:58:01.022 INFO  La orden no se encuentra completamente validada...202412170006 
15:58:01.022 INFO  Fin del envio de las ordenes encontradas... 
15:58:01.022 INFO  .................................. 
16:00:00.975 INFO  .................................. 
16:00:00.975 INFO  Usuario cargado... 
16:00:01.089 INFO  Cargando las llaves de configuracion... 
16:00:01.090 INFO  Cargando plantilla de demograficos... 
16:00:01.090 INFO  Consultando ordenes para envio... 
16:00:01.092 INFO  Idiomas cargados correctamente 
16:00:01.147 INFO  Total de ordenes encontradas 1 
16:00:01.217 INFO  La orden no se encuentra completamente validada...202412170006 
16:00:01.217 INFO  Fin del envio de las ordenes encontradas... 
16:00:01.217 INFO  .................................. 
16:02:01.015 INFO  .................................. 
16:02:01.015 INFO  Usuario cargado... 
16:02:01.061 INFO  Cargando las llaves de configuracion... 
16:02:01.062 INFO  Cargando plantilla de demograficos... 
16:02:01.062 INFO  Consultando ordenes para envio... 
16:02:01.064 INFO  Idiomas cargados correctamente 
16:02:01.128 INFO  Total de ordenes encontradas 1 
16:02:04.526 INFO  Se envio reporte de resultados de la orden[object Object] 
16:02:04.798 INFO  Fin del envio de las ordenes encontradas... 
16:02:04.798 INFO  .......................... 
16:04:00.418 INFO  .................................. 
16:04:00.418 INFO  Usuario cargado... 
16:04:00.463 INFO  Cargando las llaves de configuracion... 
16:04:00.463 INFO  Cargando plantilla de demograficos... 
16:04:00.463 INFO  Consultando ordenes para envio... 
16:04:00.466 INFO  Idiomas cargados correctamente 
16:04:00.535 INFO  Total de ordenes encontradas 1 
16:04:02.831 INFO  Se envio reporte de resultados de la orden[object Object] 
16:04:02.906 INFO  Fin del envio de las ordenes encontradas... 
16:04:02.906 INFO  .......................... 
16:06:00.625 INFO  .................................. 
16:06:00.625 INFO  Usuario cargado... 
16:06:00.666 INFO  Cargando las llaves de configuracion... 
16:06:00.666 INFO  Cargando plantilla de demograficos... 
16:06:00.666 INFO  Consultando ordenes para envio... 
16:06:00.669 INFO  Idiomas cargados correctamente 
16:06:00.723 INFO  Total de ordenes encontradas 1 
16:06:03.077 INFO  Se envio reporte de resultados de la orden[object Object] 
16:06:03.138 INFO  Fin del envio de las ordenes encontradas... 
16:06:03.138 INFO  .......................... 
16:08:00.900 INFO  .................................. 
16:08:00.901 INFO  Usuario cargado... 
16:08:01.358 INFO  Cargando las llaves de configuracion... 
16:08:01.358 INFO  Cargando plantilla de demograficos... 
16:08:01.358 INFO  Consultando ordenes para envio... 
16:08:01.359 INFO  Idiomas cargados correctamente 
16:08:01.437 INFO  Total de ordenes encontradas 1 
16:08:03.757 INFO  Se envio reporte de resultados de la orden[object Object] 
16:08:03.839 INFO  Fin del envio de las ordenes encontradas... 
16:08:03.839 INFO  .......................... 
16:10:00.756 INFO  .................................. 
16:10:00.756 INFO  Usuario cargado... 
16:10:01.403 INFO  Cargando las llaves de configuracion... 
16:10:01.403 INFO  Cargando plantilla de demograficos... 
16:10:01.403 INFO  Consultando ordenes para envio... 
16:10:01.406 INFO  Idiomas cargados correctamente 
16:10:01.463 INFO  Total de ordenes encontradas 1 
16:10:04.302 INFO  Se envio reporte de resultados de la orden[object Object] 
16:10:04.364 INFO  Fin del envio de las ordenes encontradas... 
16:10:04.364 INFO  .......................... 
16:12:00.645 INFO  .................................. 
16:12:00.645 INFO  Usuario cargado... 
16:12:00.684 INFO  Cargando las llaves de configuracion... 
16:12:00.685 INFO  Cargando plantilla de demograficos... 
16:12:00.685 INFO  Consultando ordenes para envio... 
16:12:00.687 INFO  Idiomas cargados correctamente 
16:12:00.749 INFO  Total de ordenes encontradas 1 
16:12:03.647 INFO  Se envio reporte de resultados de la orden[object Object] 
16:12:03.720 INFO  Fin del envio de las ordenes encontradas... 
16:12:03.720 INFO  .......................... 
16:14:01.070 INFO  .................................. 
16:14:01.070 INFO  Usuario cargado... 
16:14:01.116 INFO  Cargando las llaves de configuracion... 
16:14:01.117 INFO  Cargando plantilla de demograficos... 
16:14:01.117 INFO  Consultando ordenes para envio... 
16:14:01.120 INFO  Idiomas cargados correctamente 
16:14:01.186 INFO  Total de ordenes encontradas 1 
16:14:01.264 INFO  La orden no se encuentra completamente validada...202412170006 
16:14:01.265 INFO  Fin del envio de las ordenes encontradas... 
16:14:01.265 INFO  .................................. 
16:16:00.216 INFO  .................................. 
16:16:00.216 INFO  Usuario cargado... 
16:16:00.256 INFO  Cargando las llaves de configuracion... 
16:16:00.256 INFO  Cargando plantilla de demograficos... 
16:16:00.256 INFO  Consultando ordenes para envio... 
16:16:00.257 INFO  Idiomas cargados correctamente 
16:16:00.351 INFO  No se encontraron ordenes para enviar... 
16:18:00.808 INFO  .................................. 
16:18:00.808 INFO  Usuario cargado... 
16:18:00.851 INFO  Cargando las llaves de configuracion... 
16:18:00.852 INFO  Cargando plantilla de demograficos... 
16:18:00.852 INFO  Consultando ordenes para envio... 
16:18:00.855 INFO  Idiomas cargados correctamente 
16:18:00.944 INFO  No se encontraron ordenes para enviar... 
16:20:01.033 INFO  .................................. 
16:20:01.033 INFO  Usuario cargado... 
16:20:01.075 INFO  Cargando las llaves de configuracion... 
16:20:01.075 INFO  Cargando plantilla de demograficos... 
16:20:01.075 INFO  Consultando ordenes para envio... 
16:20:01.077 INFO  Idiomas cargados correctamente 
16:20:01.149 INFO  No se encontraron ordenes para enviar... 
16:22:00.322 INFO  .................................. 
16:22:00.322 INFO  Usuario cargado... 
16:22:00.358 INFO  Cargando las llaves de configuracion... 
16:22:00.358 INFO  Cargando plantilla de demograficos... 
16:22:00.358 INFO  Consultando ordenes para envio... 
16:22:00.360 INFO  Idiomas cargados correctamente 
16:22:00.417 INFO  No se encontraron ordenes para enviar... 
16:24:00.500 INFO  .................................. 
16:24:00.500 INFO  Usuario cargado... 
16:24:00.540 INFO  Cargando las llaves de configuracion... 
16:24:00.540 INFO  Cargando plantilla de demograficos... 
16:24:00.540 INFO  Consultando ordenes para envio... 
16:24:00.542 INFO  Idiomas cargados correctamente 
16:24:00.594 INFO  No se encontraron ordenes para enviar... 
16:26:00.848 INFO  .................................. 
16:26:00.848 INFO  Usuario cargado... 
16:26:00.906 INFO  Cargando las llaves de configuracion... 
16:26:00.906 INFO  Cargando plantilla de demograficos... 
16:26:00.906 INFO  Consultando ordenes para envio... 
16:26:00.909 INFO  Idiomas cargados correctamente 
16:26:00.964 INFO  No se encontraron ordenes para enviar... 
16:28:00.909 INFO  .................................. 
16:28:00.909 INFO  Usuario cargado... 
16:28:00.952 INFO  Cargando las llaves de configuracion... 
16:28:00.953 INFO  Cargando plantilla de demograficos... 
16:28:00.953 INFO  Consultando ordenes para envio... 
16:28:00.957 INFO  Idiomas cargados correctamente 
16:28:01.012 INFO  Total de ordenes encontradas 1 
16:28:01.147 INFO  La orden no se encuentra completamente validada...202412170006 
16:28:01.148 INFO  Fin del envio de las ordenes encontradas... 
16:28:01.148 INFO  .................................. 
16:30:00.345 INFO  .................................. 
16:30:00.345 INFO  Usuario cargado... 
16:30:00.390 INFO  Cargando las llaves de configuracion... 
16:30:00.391 INFO  Cargando plantilla de demograficos... 
16:30:00.391 INFO  Consultando ordenes para envio... 
16:30:00.394 INFO  Idiomas cargados correctamente 
16:30:00.458 INFO  Total de ordenes encontradas 1 
16:30:00.529 INFO  La orden no se encuentra completamente validada...202412170006 
16:30:00.529 INFO  Fin del envio de las ordenes encontradas... 
16:30:00.529 INFO  .................................. 
16:32:00.615 INFO  .................................. 
16:32:00.615 INFO  Usuario cargado... 
16:32:00.655 INFO  Cargando las llaves de configuracion... 
16:32:00.656 INFO  Cargando plantilla de demograficos... 
16:32:00.656 INFO  Consultando ordenes para envio... 
16:32:00.657 INFO  Idiomas cargados correctamente 
16:32:00.710 INFO  Total de ordenes encontradas 1 
16:32:00.794 INFO  La orden no se encuentra completamente validada...202412170006 
16:32:00.794 INFO  Fin del envio de las ordenes encontradas... 
16:32:00.794 INFO  .................................. 
16:34:00.915 INFO  .................................. 
16:34:00.915 INFO  Usuario cargado... 
16:34:00.952 INFO  Cargando las llaves de configuracion... 
16:34:00.952 INFO  Cargando plantilla de demograficos... 
16:34:00.952 INFO  Consultando ordenes para envio... 
16:34:00.954 INFO  Idiomas cargados correctamente 
16:34:01.015 INFO  Total de ordenes encontradas 1 
16:34:01.084 INFO  La orden no se encuentra completamente validada...202412170006 
16:34:01.084 INFO  Fin del envio de las ordenes encontradas... 
16:34:01.084 INFO  .................................. 
16:36:00.317 INFO  .................................. 
16:36:00.318 INFO  Usuario cargado... 
16:36:00.356 INFO  Cargando las llaves de configuracion... 
16:36:00.357 INFO  Cargando plantilla de demograficos... 
16:36:00.357 INFO  Consultando ordenes para envio... 
16:36:00.359 INFO  Idiomas cargados correctamente 
16:36:00.412 INFO  Total de ordenes encontradas 1 
16:36:00.477 INFO  La orden no se encuentra completamente validada...202412170006 
16:36:00.479 INFO  Fin del envio de las ordenes encontradas... 
16:36:00.479 INFO  .................................. 
16:38:01.283 INFO  .................................. 
16:38:01.283 INFO  Usuario cargado... 
16:38:01.326 INFO  Cargando las llaves de configuracion... 
16:38:01.327 INFO  Cargando plantilla de demograficos... 
16:38:01.327 INFO  Consultando ordenes para envio... 
16:38:01.330 INFO  Idiomas cargados correctamente 
16:38:01.386 INFO  Total de ordenes encontradas 1 
16:38:01.455 ERROR No se pudo consultar el detalle de la orden 202412170006 
16:40:00.252 INFO  .................................. 
16:40:00.252 INFO  Usuario cargado... 
16:40:00.298 INFO  Cargando las llaves de configuracion... 
16:40:00.298 INFO  Cargando plantilla de demograficos... 
16:40:00.298 INFO  Consultando ordenes para envio... 
16:40:00.299 INFO  Idiomas cargados correctamente 
16:40:00.361 INFO  Total de ordenes encontradas 1 
16:40:00.423 ERROR No se pudo consultar el detalle de la orden 202412170006 
16:42:00.487 INFO  .................................. 
16:42:00.487 INFO  Usuario cargado... 
16:42:00.531 INFO  Cargando las llaves de configuracion... 
16:42:00.531 INFO  Cargando plantilla de demograficos... 
16:42:00.531 INFO  Consultando ordenes para envio... 
16:42:00.533 INFO  Idiomas cargados correctamente 
16:42:00.583 INFO  Total de ordenes encontradas 1 
16:42:00.648 ERROR No se pudo consultar el detalle de la orden 202412170006 
16:44:00.911 INFO  .................................. 
16:44:00.911 INFO  Usuario cargado... 
16:44:00.950 INFO  Cargando las llaves de configuracion... 
16:44:00.950 INFO  Cargando plantilla de demograficos... 
16:44:00.950 INFO  Consultando ordenes para envio... 
16:44:00.954 INFO  Idiomas cargados correctamente 
16:44:01.019 INFO  Total de ordenes encontradas 1 
16:44:04.341 INFO  Se envio reporte de resultados de la orden[object Object] 
16:44:04.579 INFO  Fin del envio de las ordenes encontradas... 
16:44:04.579 INFO  .......................... 
16:46:00.400 INFO  .................................. 
16:46:00.401 INFO  Usuario cargado... 
16:46:00.439 INFO  Cargando las llaves de configuracion... 
16:46:00.439 INFO  Cargando plantilla de demograficos... 
16:46:00.439 INFO  Consultando ordenes para envio... 
16:46:00.441 INFO  Idiomas cargados correctamente 
16:46:00.501 INFO  No se encontraron ordenes para enviar... 
16:48:00.952 INFO  .................................. 
16:48:00.952 INFO  Usuario cargado... 
16:48:00.993 INFO  Cargando las llaves de configuracion... 
16:48:00.994 INFO  Cargando plantilla de demograficos... 
16:48:00.994 INFO  Consultando ordenes para envio... 
16:48:00.996 INFO  Idiomas cargados correctamente 
16:48:01.051 INFO  No se encontraron ordenes para enviar... 
16:50:01.274 INFO  .................................. 
16:50:01.274 INFO  Usuario cargado... 
16:50:01.338 INFO  Cargando las llaves de configuracion... 
16:50:01.338 INFO  Cargando plantilla de demograficos... 
16:50:01.338 INFO  Consultando ordenes para envio... 
16:50:01.340 INFO  Idiomas cargados correctamente 
16:50:01.405 INFO  No se encontraron ordenes para enviar... 
16:52:00.176 INFO  .................................. 
16:52:00.176 INFO  Usuario cargado... 
16:52:00.224 INFO  Cargando las llaves de configuracion... 
16:52:00.224 INFO  Cargando plantilla de demograficos... 
16:52:00.224 INFO  Consultando ordenes para envio... 
16:52:00.225 INFO  Idiomas cargados correctamente 
16:52:00.303 INFO  No se encontraron ordenes para enviar... 
16:54:00.479 INFO  .................................. 
16:54:00.479 INFO  Usuario cargado... 
16:54:00.519 INFO  Cargando las llaves de configuracion... 
16:54:00.519 INFO  Cargando plantilla de demograficos... 
16:54:00.519 INFO  Consultando ordenes para envio... 
16:54:00.520 INFO  Idiomas cargados correctamente 
16:54:00.591 INFO  Total de ordenes encontradas 1 
16:54:00.699 ERROR No se pudo consultar el detalle de la orden 202412170008 
16:56:00.714 INFO  .................................. 
16:56:00.714 INFO  Usuario cargado... 
16:56:00.754 INFO  Cargando las llaves de configuracion... 
16:56:00.754 INFO  Cargando plantilla de demograficos... 
16:56:00.754 INFO  Consultando ordenes para envio... 
16:56:00.755 INFO  Idiomas cargados correctamente 
16:56:00.817 INFO  Total de ordenes encontradas 1 
16:56:00.910 ERROR No se pudo consultar el detalle de la orden 202412170008 
16:58:04.157 INFO  .................................. 
16:58:04.157 INFO  Usuario cargado... 
16:58:04.189 INFO  Cargando las llaves de configuracion... 
16:58:04.189 INFO  Cargando plantilla de demograficos... 
16:58:04.189 INFO  Consultando ordenes para envio... 
16:58:04.191 INFO  Idiomas cargados correctamente 
16:58:04.255 INFO  Total de ordenes encontradas 1 
16:58:04.365 ERROR No se pudo consultar el detalle de la orden 202412170008 
17:00:01.053 INFO  .................................. 
17:00:01.053 INFO  Usuario cargado... 
17:00:01.106 INFO  Cargando las llaves de configuracion... 
17:00:01.107 INFO  Cargando plantilla de demograficos... 
17:00:01.107 INFO  Consultando ordenes para envio... 
17:00:01.110 INFO  Idiomas cargados correctamente 
17:00:01.164 INFO  Total de ordenes encontradas 1 
17:00:01.262 INFO  La orden no se encuentra completamente validada...202412170008 
17:00:01.264 INFO  Fin del envio de las ordenes encontradas... 
17:00:01.264 INFO  .................................. 
17:02:00.743 INFO  .................................. 
17:02:00.743 INFO  Usuario cargado... 
17:02:00.813 INFO  Cargando las llaves de configuracion... 
17:02:00.813 INFO  Cargando plantilla de demograficos... 
17:02:00.813 INFO  Consultando ordenes para envio... 
17:02:00.815 INFO  Idiomas cargados correctamente 
17:02:00.877 INFO  Total de ordenes encontradas 1 
17:02:04.336 INFO  Se envio reporte de resultados de la orden[object Object] 
17:02:05.017 INFO  Fin del envio de las ordenes encontradas... 
17:02:05.017 INFO  .......................... 
17:04:01.506 INFO  .................................. 
17:04:01.506 INFO  Usuario cargado... 
17:04:01.558 INFO  Cargando las llaves de configuracion... 
17:04:01.558 INFO  Cargando plantilla de demograficos... 
17:04:01.558 INFO  Consultando ordenes para envio... 
17:04:01.559 INFO  Idiomas cargados correctamente 
17:04:01.636 INFO  Total de ordenes encontradas 1 
17:04:04.727 INFO  Se envio reporte de resultados de la orden[object Object] 
17:04:04.858 INFO  Fin del envio de las ordenes encontradas... 
17:04:04.858 INFO  .......................... 
17:06:01.032 INFO  .................................. 
17:06:01.032 INFO  Usuario cargado... 
17:06:01.374 INFO  Cargando las llaves de configuracion... 
17:06:01.374 INFO  Cargando plantilla de demograficos... 
17:06:01.374 INFO  Consultando ordenes para envio... 
17:06:01.376 INFO  Idiomas cargados correctamente 
17:06:01.445 INFO  Total de ordenes encontradas 1 
17:06:04.464 INFO  Se envio reporte de resultados de la orden[object Object] 
17:06:04.582 INFO  Fin del envio de las ordenes encontradas... 
17:06:04.582 INFO  .......................... 
17:08:00.573 INFO  .................................. 
17:08:00.573 INFO  Usuario cargado... 
17:08:00.614 INFO  Cargando las llaves de configuracion... 
17:08:00.615 INFO  Cargando plantilla de demograficos... 
17:08:00.615 INFO  Consultando ordenes para envio... 
17:08:00.616 INFO  Idiomas cargados correctamente 
17:08:00.683 INFO  Total de ordenes encontradas 1 
17:08:03.537 INFO  Se envio reporte de resultados de la orden[object Object] 
17:08:03.651 INFO  Fin del envio de las ordenes encontradas... 
17:08:03.651 INFO  .......................... 
17:10:00.407 INFO  .................................. 
17:10:00.407 INFO  Usuario cargado... 
17:10:00.444 INFO  Cargando las llaves de configuracion... 
17:10:00.444 INFO  Cargando plantilla de demograficos... 
17:10:00.444 INFO  Consultando ordenes para envio... 
17:10:00.446 INFO  Idiomas cargados correctamente 
17:10:00.502 INFO  Total de ordenes encontradas 1 
17:10:03.238 INFO  Se envio reporte de resultados de la orden[object Object] 
17:10:03.331 INFO  Fin del envio de las ordenes encontradas... 
17:10:03.331 INFO  .......................... 
17:12:00.530 INFO  .................................. 
17:12:00.530 INFO  Usuario cargado... 
17:12:00.571 INFO  Cargando las llaves de configuracion... 
17:12:00.571 INFO  Cargando plantilla de demograficos... 
17:12:00.571 INFO  Consultando ordenes para envio... 
17:12:00.572 INFO  Idiomas cargados correctamente 
17:12:00.636 INFO  Total de ordenes encontradas 1 
17:12:03.112 INFO  Se envio reporte de resultados de la orden[object Object] 
17:12:03.217 INFO  Fin del envio de las ordenes encontradas... 
17:12:03.217 INFO  .......................... 
17:14:00.859 INFO  .................................. 
17:14:00.859 INFO  Usuario cargado... 
17:14:00.898 INFO  Cargando las llaves de configuracion... 
17:14:00.898 INFO  Cargando plantilla de demograficos... 
17:14:00.898 INFO  Consultando ordenes para envio... 
17:14:00.900 INFO  Idiomas cargados correctamente 
17:14:00.957 INFO  Total de ordenes encontradas 1 
17:14:03.390 INFO  Se envio reporte de resultados de la orden[object Object] 
17:14:03.511 INFO  Fin del envio de las ordenes encontradas... 
17:14:03.511 INFO  .......................... 
17:16:00.965 INFO  .................................. 
17:16:00.965 INFO  Usuario cargado... 
17:16:01.007 INFO  Cargando las llaves de configuracion... 
17:16:01.008 INFO  Cargando plantilla de demograficos... 
17:16:01.008 INFO  Consultando ordenes para envio... 
17:16:01.009 INFO  Idiomas cargados correctamente 
17:16:01.073 INFO  Total de ordenes encontradas 1 
17:16:03.514 INFO  Se envio reporte de resultados de la orden[object Object] 
17:16:03.633 INFO  Fin del envio de las ordenes encontradas... 
17:16:03.633 INFO  .......................... 
