07:24:00.767 INFO  .................................. 
07:24:00.767 INFO  Usuario cargado... 
07:24:00.840 INFO  Cargando las llaves de configuracion... 
07:24:00.841 INFO  Consultando ordenes para envio... 
07:24:00.911 ERROR Problemas con el servicio: /configuration 
07:24:00.962 INFO  No se encontraron ordenes para enviar... 
07:26:00.212 INFO  .................................. 
07:26:00.212 INFO  Usuario cargado... 
07:26:00.282 INFO  Cargando las llaves de configuracion... 
07:26:00.283 INFO  Consultando ordenes para envio... 
07:26:00.344 ERROR Problemas con el servicio: /configuration 
07:26:00.407 INFO  No se encontraron ordenes para enviar... 
07:28:00.584 INFO  .................................. 
07:28:00.584 INFO  Usuario cargado... 
07:28:00.647 INFO  Cargando las llaves de configuracion... 
07:28:00.647 INFO  Consultando ordenes para envio... 
07:28:00.709 ERROR Problemas con el servicio: /configuration 
07:28:00.756 INFO  No se encontraron ordenes para enviar... 
07:30:01.000 INFO  .................................. 
07:30:01.000 INFO  Usuario cargado... 
07:30:01.094 INFO  Cargando las llaves de configuracion... 
07:30:01.094 INFO  Consultando ordenes para envio... 
07:30:01.156 ERROR Problemas con el servicio: /demographics/all 
07:30:01.219 INFO  No se encontraron ordenes para enviar... 
07:32:01.128 INFO  .................................. 
07:32:01.128 INFO  Usuario cargado... 
07:32:01.206 INFO  Cargando las llaves de configuracion... 
07:32:01.206 INFO  Consultando ordenes para envio... 
07:32:01.268 ERROR Problemas con el servicio: /demographics/allReferenceError: $filter is not defined 
07:32:01.315 INFO  No se encontraron ordenes para enviar... 
07:34:00.313 INFO  .................................. 
07:34:00.313 INFO  Usuario cargado... 
07:34:00.406 INFO  Cargando las llaves de configuracion... 
07:34:00.406 INFO  Consultando ordenes para envio... 
07:34:00.469 ERROR Problemas con el servicio: /demographics/allReferenceError: $filter is not defined 
07:34:00.531 INFO  No se encontraron ordenes para enviar... 
07:36:00.976 INFO  .................................. 
07:36:00.976 INFO  Usuario cargado... 
07:36:01.054 INFO  Cargando las llaves de configuracion... 
07:36:01.054 INFO  Consultando ordenes para envio... 
07:36:01.101 INFO  Cargando listado de demograficos... 
07:36:01.163 INFO  No se encontraron ordenes para enviar... 
07:38:00.178 INFO  .................................. 
07:38:00.178 INFO  Usuario cargado... 
07:38:00.288 INFO  Cargando las llaves de configuracion... 
07:38:00.288 INFO  Consultando ordenes para envio... 
07:38:00.413 INFO  Cargando listado de demograficos... 
07:38:00.444 INFO  No se encontraron ordenes para enviar... 
07:40:00.483 INFO  .................................. 
07:40:00.483 INFO  Usuario cargado... 
07:40:00.545 INFO  Cargando las llaves de configuracion... 
07:40:00.545 INFO  Consultando ordenes para envio... 
07:40:00.608 INFO  Cargando listado de demograficos... 
07:40:00.654 INFO  No se encontraron ordenes para enviar... 
07:42:00.583 INFO  .................................. 
07:42:00.583 INFO  Usuario cargado... 
07:42:00.662 INFO  Cargando las llaves de configuracion... 
07:42:00.662 INFO  Consultando ordenes para envio... 
07:42:00.730 INFO  Cargando listado de demograficos... 
07:42:00.768 INFO  No se encontraron ordenes para enviar... 
07:44:00.755 INFO  .................................. 
07:44:00.755 INFO  Usuario cargado... 
07:44:00.817 INFO  Cargando las llaves de configuracion... 
07:44:00.817 INFO  Consultando ordenes para envio... 
07:44:00.880 INFO  Cargando listado de demograficos... 
07:44:00.942 INFO  Total de ordenes encontradas 1 
07:44:00.989 INFO  La orden no se encuentra completamente validada...202207050001 
07:44:00.989 INFO  Fin del envio de las ordenes encontradas... 
07:44:00.989 INFO  .................................. 
07:46:01.079 INFO  .................................. 
07:46:01.079 INFO  Usuario cargado... 
07:46:01.157 INFO  Cargando las llaves de configuracion... 
07:46:01.157 INFO  Consultando ordenes para envio... 
07:46:01.219 INFO  Cargando listado de demograficos... 
07:46:01.282 INFO  Total de ordenes encontradas 1 
07:46:01.885 ERROR No se pudo consultar el detalle de la orden 202207050001 
07:48:00.338 INFO  .................................. 
07:48:00.338 INFO  Usuario cargado... 
07:48:00.416 INFO  Cargando las llaves de configuracion... 
07:48:00.416 INFO  Consultando ordenes para envio... 
07:48:00.478 INFO  Cargando listado de demograficos... 
07:48:00.541 INFO  Total de ordenes encontradas 1 
07:48:00.843 ERROR No se pudo consultar el detalle de la orden 202207050001 
07:52:00.713 INFO  .................................. 
07:52:00.713 INFO  Usuario cargado... 
07:52:00.791 INFO  Cargando las llaves de configuracion... 
07:52:00.791 INFO  Consultando ordenes para envio... 
07:52:00.853 INFO  Cargando listado de demograficos... 
07:52:00.916 INFO  Total de ordenes encontradas 1 
07:52:10.716 INFO  Se envio reporte de resultados de la orden[object Object] 
07:52:11.186 INFO  Fin del envio de las ordenes encontradas... 
07:52:11.186 INFO  .......................... 
07:54:01.015 INFO  .................................. 
07:54:01.015 INFO  Usuario cargado... 
07:54:01.094 INFO  Cargando las llaves de configuracion... 
07:54:01.094 INFO  Consultando ordenes para envio... 
07:54:01.156 INFO  Cargando listado de demograficos... 
07:54:01.219 INFO  No se encontraron ordenes para enviar... 
07:56:00.391 INFO  .................................. 
07:56:00.391 INFO  Usuario cargado... 
07:56:00.465 INFO  Cargando las llaves de configuracion... 
07:56:00.465 INFO  Consultando ordenes para envio... 
07:56:00.535 INFO  Cargando listado de demograficos... 
07:56:00.592 INFO  No se encontraron ordenes para enviar... 
08:02:00.307 INFO  .................................. 
08:02:00.307 INFO  Usuario cargado... 
08:02:00.385 INFO  Cargando las llaves de configuracion... 
08:02:00.385 INFO  Consultando ordenes para envio... 
08:02:00.447 INFO  Cargando listado de demograficos... 
08:02:00.510 INFO  Total de ordenes encontradas 1 
08:02:03.822 INFO  Se envio reporte de resultados de la orden[object Object] 
08:02:03.978 INFO  Fin del envio de las ordenes encontradas... 
08:02:03.978 INFO  .......................... 
