16:08:05.472 INFO  .................................. 
16:08:05.472 INFO  Usuario cargado... 
16:08:05.613 INFO  Cargando las llaves de configuracion... 
16:08:05.614 INFO  Consultando ordenes para envio... 
16:08:05.889 INFO  Cargando listado de demograficos... 
16:08:07.140 INFO  No se encontraron ordenes para enviar... 
16:10:04.396 INFO  .................................. 
16:10:04.396 INFO  Usuario cargado... 
16:10:04.499 INFO  Cargando las llaves de configuracion... 
16:10:04.500 INFO  Consultando ordenes para envio... 
16:10:04.754 INFO  Cargando listado de demograficos... 
16:10:04.933 INFO  No se encontraron ordenes para enviar... 
16:12:03.981 INFO  .................................. 
16:12:03.981 INFO  Usuario cargado... 
16:12:03.985 ERROR Problemas con el servicio: /configurationError: Request failed with status code 401 
16:14:05.657 INFO  .................................. 
16:14:05.657 INFO  Usuario cargado... 
16:14:05.746 INFO  Cargando las llaves de configuracion... 
16:14:05.747 INFO  Consultando ordenes para envio... 
16:14:06.038 INFO  Cargando listado de demograficos... 
16:14:06.199 INFO  No se encontraron ordenes para enviar... 
16:16:06.116 INFO  .................................. 
16:16:06.116 INFO  Usuario cargado... 
16:16:06.197 INFO  Cargando las llaves de configuracion... 
16:16:06.198 INFO  Consultando ordenes para envio... 
16:16:06.458 INFO  Cargando listado de demograficos... 
16:16:06.636 INFO  No se encontraron ordenes para enviar... 
16:18:04.468 INFO  .................................. 
16:18:04.468 INFO  Usuario cargado... 
16:18:04.551 INFO  Cargando las llaves de configuracion... 
16:18:04.552 INFO  Consultando ordenes para envio... 
16:18:04.825 INFO  Cargando listado de demograficos... 
16:18:05.007 INFO  No se encontraron ordenes para enviar... 
16:20:00.970 INFO  .................................. 
16:20:00.970 INFO  Usuario cargado... 
16:20:01.052 INFO  Cargando las llaves de configuracion... 
16:20:01.054 INFO  Consultando ordenes para envio... 
16:20:01.316 INFO  Cargando listado de demograficos... 
16:20:01.479 INFO  No se encontraron ordenes para enviar... 
16:22:03.580 INFO  .................................. 
16:22:03.580 INFO  Usuario cargado... 
16:22:03.678 INFO  Cargando las llaves de configuracion... 
16:22:03.679 INFO  Consultando ordenes para envio... 
16:22:03.933 INFO  Cargando listado de demograficos... 
16:22:04.100 INFO  No se encontraron ordenes para enviar... 
16:24:02.866 INFO  .................................. 
16:24:02.866 INFO  Usuario cargado... 
16:24:02.949 INFO  Cargando las llaves de configuracion... 
16:24:02.950 INFO  Consultando ordenes para envio... 
16:24:03.376 INFO  No se encontraron ordenes para enviar... 
16:24:03.559 INFO  Cargando listado de demograficos... 
16:26:02.540 INFO  .................................. 
16:26:02.540 INFO  Usuario cargado... 
16:26:02.677 INFO  Cargando las llaves de configuracion... 
16:26:02.678 INFO  Consultando ordenes para envio... 
16:26:02.930 INFO  Cargando listado de demograficos... 
16:26:03.147 INFO  Total de ordenes encontradas 1 
16:26:08.546 INFO  Se envio reporte de resultados de la orden[object Object] 
16:27:08.616 INFO  Fin del envio de las ordenes encontradas... 
16:27:08.616 INFO  .......................... 
16:28:00.984 INFO  .................................. 
16:28:00.984 INFO  Usuario cargado... 
16:28:01.067 INFO  Cargando las llaves de configuracion... 
16:28:01.068 INFO  Consultando ordenes para envio... 
16:28:01.326 INFO  Cargando listado de demograficos... 
16:28:01.506 INFO  No se encontraron ordenes para enviar... 
16:30:02.491 INFO  .................................. 
16:30:02.491 INFO  Usuario cargado... 
16:30:02.573 INFO  Cargando las llaves de configuracion... 
16:30:02.574 INFO  Consultando ordenes para envio... 
16:30:02.834 INFO  Cargando listado de demograficos... 
16:30:02.992 INFO  No se encontraron ordenes para enviar... 
16:32:04.405 INFO  .................................. 
16:32:04.405 INFO  Usuario cargado... 
16:32:04.487 INFO  Cargando las llaves de configuracion... 
16:32:04.487 INFO  Consultando ordenes para envio... 
16:32:04.746 INFO  Cargando listado de demograficos... 
16:32:04.915 INFO  No se encontraron ordenes para enviar... 
16:34:04.433 INFO  .................................. 
16:34:04.433 INFO  Usuario cargado... 
16:34:04.515 INFO  Cargando las llaves de configuracion... 
16:34:04.516 INFO  Consultando ordenes para envio... 
16:34:04.767 INFO  Cargando listado de demograficos... 
16:34:04.945 INFO  No se encontraron ordenes para enviar... 
16:36:03.928 INFO  .................................. 
16:36:03.928 INFO  Usuario cargado... 
16:36:04.011 INFO  Cargando las llaves de configuracion... 
16:36:04.012 INFO  Consultando ordenes para envio... 
16:36:04.267 INFO  Cargando listado de demograficos... 
16:36:04.431 INFO  No se encontraron ordenes para enviar... 
16:38:04.373 INFO  .................................. 
16:38:04.373 INFO  Usuario cargado... 
16:38:04.576 INFO  Cargando las llaves de configuracion... 
16:38:04.577 INFO  Consultando ordenes para envio... 
16:38:04.825 INFO  Cargando listado de demograficos... 
16:38:04.998 INFO  No se encontraron ordenes para enviar... 
16:40:02.727 INFO  .................................. 
16:40:02.727 INFO  Usuario cargado... 
16:40:02.811 INFO  Cargando las llaves de configuracion... 
16:40:02.811 INFO  Consultando ordenes para envio... 
16:40:03.063 INFO  Cargando listado de demograficos... 
16:40:03.231 INFO  No se encontraron ordenes para enviar... 
16:42:00.994 INFO  .................................. 
16:42:00.994 INFO  Usuario cargado... 
16:42:01.081 INFO  Cargando las llaves de configuracion... 
16:42:01.081 INFO  Consultando ordenes para envio... 
16:42:01.340 INFO  Cargando listado de demograficos... 
16:42:01.504 INFO  No se encontraron ordenes para enviar... 
16:44:02.608 INFO  .................................. 
16:44:02.608 INFO  Usuario cargado... 
16:44:02.689 INFO  Cargando las llaves de configuracion... 
16:44:02.689 INFO  Consultando ordenes para envio... 
16:44:02.941 INFO  Cargando listado de demograficos... 
16:44:03.113 INFO  No se encontraron ordenes para enviar... 
16:46:02.466 INFO  .................................. 
16:46:02.466 INFO  Usuario cargado... 
16:46:02.549 INFO  Cargando las llaves de configuracion... 
16:46:02.550 INFO  Consultando ordenes para envio... 
16:46:02.802 INFO  Cargando listado de demograficos... 
16:46:02.974 INFO  No se encontraron ordenes para enviar... 
16:48:03.385 INFO  .................................. 
16:48:03.385 INFO  Usuario cargado... 
16:48:03.468 INFO  Cargando las llaves de configuracion... 
16:48:03.469 INFO  Consultando ordenes para envio... 
16:48:03.721 INFO  Cargando listado de demograficos... 
16:48:03.955 INFO  No se encontraron ordenes para enviar... 
16:50:04.283 INFO  .................................. 
16:50:04.283 INFO  Usuario cargado... 
16:50:04.366 INFO  Cargando las llaves de configuracion... 
16:50:04.366 INFO  Consultando ordenes para envio... 
16:50:04.618 INFO  Cargando listado de demograficos... 
16:50:04.787 INFO  No se encontraron ordenes para enviar... 
16:52:02.931 INFO  .................................. 
16:52:02.931 INFO  Usuario cargado... 
16:52:03.014 INFO  Cargando las llaves de configuracion... 
16:52:03.015 INFO  Consultando ordenes para envio... 
16:52:03.266 INFO  Cargando listado de demograficos... 
16:52:03.438 INFO  No se encontraron ordenes para enviar... 
16:54:02.824 INFO  .................................. 
16:54:02.824 INFO  Usuario cargado... 
16:54:02.907 INFO  Cargando las llaves de configuracion... 
16:54:02.907 INFO  Consultando ordenes para envio... 
16:54:03.160 INFO  Cargando listado de demograficos... 
16:54:03.339 INFO  No se encontraron ordenes para enviar... 
16:56:02.912 INFO  .................................. 
16:56:02.912 INFO  Usuario cargado... 
16:56:02.994 INFO  Cargando las llaves de configuracion... 
16:56:02.994 INFO  Consultando ordenes para envio... 
16:56:03.245 INFO  Cargando listado de demograficos... 
16:56:03.414 INFO  No se encontraron ordenes para enviar... 
16:58:01.038 INFO  .................................. 
16:58:01.038 INFO  Usuario cargado... 
16:58:01.119 INFO  Cargando las llaves de configuracion... 
16:58:01.119 INFO  Consultando ordenes para envio... 
16:58:01.368 INFO  Cargando listado de demograficos... 
16:58:01.542 INFO  No se encontraron ordenes para enviar... 
17:00:03.277 INFO  .................................. 
17:00:03.277 INFO  Usuario cargado... 
17:00:03.360 INFO  Cargando las llaves de configuracion... 
17:00:03.361 INFO  Consultando ordenes para envio... 
17:00:03.614 INFO  Cargando listado de demograficos... 
17:00:03.787 INFO  No se encontraron ordenes para enviar... 
17:02:02.441 INFO  .................................. 
17:02:02.441 INFO  Usuario cargado... 
17:02:02.522 INFO  Cargando las llaves de configuracion... 
17:02:02.523 INFO  Consultando ordenes para envio... 
17:02:02.773 INFO  Cargando listado de demograficos... 
17:02:02.960 INFO  No se encontraron ordenes para enviar... 
17:04:02.635 INFO  .................................. 
17:04:02.635 INFO  Usuario cargado... 
17:04:02.717 INFO  Cargando las llaves de configuracion... 
17:04:02.717 INFO  Consultando ordenes para envio... 
17:04:02.966 INFO  Cargando listado de demograficos... 
17:04:03.149 INFO  No se encontraron ordenes para enviar... 
17:06:02.925 INFO  .................................. 
17:06:02.925 INFO  Usuario cargado... 
17:06:03.007 INFO  Cargando las llaves de configuracion... 
17:06:03.007 INFO  Consultando ordenes para envio... 
17:06:03.256 INFO  Cargando listado de demograficos... 
17:06:03.428 INFO  No se encontraron ordenes para enviar... 
17:08:02.585 INFO  .................................. 
17:08:02.585 INFO  Usuario cargado... 
17:08:02.669 INFO  Cargando las llaves de configuracion... 
17:08:02.669 INFO  Consultando ordenes para envio... 
17:08:02.924 INFO  Cargando listado de demograficos... 
17:08:03.098 INFO  No se encontraron ordenes para enviar... 
17:10:03.257 INFO  .................................. 
17:10:03.257 INFO  Usuario cargado... 
17:10:03.339 INFO  Cargando las llaves de configuracion... 
17:10:03.340 INFO  Consultando ordenes para envio... 
17:10:03.592 INFO  Cargando listado de demograficos... 
17:10:03.768 INFO  No se encontraron ordenes para enviar... 
17:12:04.403 INFO  .................................. 
17:12:04.403 INFO  Usuario cargado... 
17:12:04.485 INFO  Cargando las llaves de configuracion... 
17:12:04.485 INFO  Consultando ordenes para envio... 
17:12:04.733 INFO  Cargando listado de demograficos... 
17:12:04.914 INFO  No se encontraron ordenes para enviar... 
17:14:03.117 INFO  .................................. 
17:14:03.117 INFO  Usuario cargado... 
17:14:03.198 INFO  Cargando las llaves de configuracion... 
17:14:03.199 INFO  Consultando ordenes para envio... 
17:14:03.449 INFO  Cargando listado de demograficos... 
17:14:03.620 INFO  No se encontraron ordenes para enviar... 
17:16:03.326 INFO  .................................. 
17:16:03.326 INFO  Usuario cargado... 
17:16:03.412 INFO  Cargando las llaves de configuracion... 
17:16:03.413 INFO  Consultando ordenes para envio... 
17:16:03.663 INFO  Cargando listado de demograficos... 
17:16:03.838 INFO  No se encontraron ordenes para enviar... 
17:18:03.206 INFO  .................................. 
17:18:03.206 INFO  Usuario cargado... 
17:18:03.288 INFO  Cargando las llaves de configuracion... 
17:18:03.289 INFO  Consultando ordenes para envio... 
17:18:03.543 INFO  Cargando listado de demograficos... 
17:18:03.713 INFO  No se encontraron ordenes para enviar... 
17:20:02.796 INFO  .................................. 
17:20:02.796 INFO  Usuario cargado... 
17:20:02.880 INFO  Cargando las llaves de configuracion... 
17:20:02.880 INFO  Consultando ordenes para envio... 
17:20:03.135 INFO  Cargando listado de demograficos... 
17:20:03.310 INFO  No se encontraron ordenes para enviar... 
17:22:01.085 INFO  .................................. 
17:22:01.085 INFO  Usuario cargado... 
17:22:01.167 INFO  Cargando las llaves de configuracion... 
17:22:01.168 INFO  Consultando ordenes para envio... 
17:22:01.420 INFO  Cargando listado de demograficos... 
17:22:01.592 INFO  No se encontraron ordenes para enviar... 
17:24:02.518 INFO  .................................. 
17:24:02.518 INFO  Usuario cargado... 
17:24:02.602 INFO  Cargando las llaves de configuracion... 
17:24:02.602 INFO  Consultando ordenes para envio... 
17:24:02.853 INFO  Cargando listado de demograficos... 
17:24:03.033 INFO  No se encontraron ordenes para enviar... 
17:26:02.463 INFO  .................................. 
17:26:02.463 INFO  Usuario cargado... 
17:26:02.545 INFO  Cargando las llaves de configuracion... 
17:26:02.546 INFO  Consultando ordenes para envio... 
17:26:02.798 INFO  Cargando listado de demograficos... 
17:26:02.979 INFO  No se encontraron ordenes para enviar... 
17:28:02.631 INFO  .................................. 
17:28:02.631 INFO  Usuario cargado... 
17:28:02.712 INFO  Cargando las llaves de configuracion... 
17:28:02.712 INFO  Consultando ordenes para envio... 
17:28:02.963 INFO  Cargando listado de demograficos... 
17:28:03.140 INFO  No se encontraron ordenes para enviar... 
17:30:02.384 INFO  .................................. 
17:30:02.384 INFO  Usuario cargado... 
17:30:02.465 INFO  Cargando las llaves de configuracion... 
17:30:02.467 INFO  Consultando ordenes para envio... 
17:30:02.718 INFO  Cargando listado de demograficos... 
17:30:02.894 INFO  No se encontraron ordenes para enviar... 
17:32:02.351 INFO  .................................. 
17:32:02.351 INFO  Usuario cargado... 
17:32:02.433 INFO  Cargando las llaves de configuracion... 
17:32:02.434 INFO  Consultando ordenes para envio... 
17:32:02.686 INFO  Cargando listado de demograficos... 
17:32:02.860 INFO  No se encontraron ordenes para enviar... 
17:34:04.648 INFO  .................................. 
17:34:04.648 INFO  Usuario cargado... 
17:34:04.730 INFO  Cargando las llaves de configuracion... 
17:34:04.731 INFO  Consultando ordenes para envio... 
17:34:04.980 INFO  Cargando listado de demograficos... 
17:34:05.154 INFO  No se encontraron ordenes para enviar... 
17:36:02.958 INFO  .................................. 
17:36:02.958 INFO  Usuario cargado... 
17:36:03.040 INFO  Cargando las llaves de configuracion... 
17:36:03.041 INFO  Consultando ordenes para envio... 
17:36:03.291 INFO  Cargando listado de demograficos... 
17:36:03.476 INFO  No se encontraron ordenes para enviar... 
