21:42:00.616 INFO  Usuario cargado... 
21:42:00.729 INFO  Cargando las llaves de configuracion... 
21:42:00.729 INFO  Cargando plantilla de demograficos... 
21:42:00.729 INFO  Consultando ordenes para envio... 
21:42:00.817 INFO  No se encontraron ordenes para enviar... 
21:44:00.558 INFO  Usuario cargado... 
21:44:00.668 INFO  Cargando las llaves de configuracion... 
21:44:00.668 INFO  Cargando plantilla de demograficos... 
21:44:00.668 INFO  Consultando ordenes para envio... 
21:44:00.751 INFO  No se encontraron ordenes para enviar... 
21:46:00.629 INFO  Usuario cargado... 
21:46:00.739 INFO  Cargando las llaves de configuracion... 
21:46:00.739 INFO  Cargando plantilla de demograficos... 
21:46:00.739 INFO  Consultando ordenes para envio... 
21:46:00.838 INFO  No se encontraron ordenes para enviar... 
21:48:01.068 INFO  .................................. 
21:48:01.068 INFO  Usuario cargado... 
21:48:01.180 INFO  Cargando las llaves de configuracion... 
21:48:01.181 INFO  Cargando plantilla de demograficos... 
21:48:01.181 INFO  Consultando ordenes para envio... 
21:48:01.267 INFO  No se encontraron ordenes para enviar... 
21:50:01.068 INFO  .................................. 
21:50:01.068 INFO  Usuario cargado... 
21:50:01.173 INFO  Cargando las llaves de configuracion... 
21:50:01.174 INFO  Cargando plantilla de demograficos... 
21:50:01.174 INFO  Consultando ordenes para envio... 
21:50:01.336 INFO  No se encontraron ordenes para enviar... 
21:52:00.989 INFO  .................................. 
21:52:00.989 INFO  Usuario cargado... 
21:52:01.099 INFO  Cargando las llaves de configuracion... 
21:52:01.099 INFO  Cargando plantilla de demograficos... 
21:52:01.099 INFO  Consultando ordenes para envio... 
21:52:01.190 INFO  No se encontraron ordenes para enviar... 
21:54:00.895 INFO  .................................. 
21:54:00.895 INFO  Usuario cargado... 
21:54:01.014 INFO  Cargando las llaves de configuracion... 
21:54:01.014 INFO  Cargando plantilla de demograficos... 
21:54:01.014 INFO  Consultando ordenes para envio... 
21:54:01.100 INFO  No se encontraron ordenes para enviar... 
21:56:00.858 INFO  .................................. 
21:56:00.858 INFO  Usuario cargado... 
21:56:00.968 INFO  Cargando las llaves de configuracion... 
21:56:00.968 INFO  Cargando plantilla de demograficos... 
21:56:00.968 INFO  Consultando ordenes para envio... 
21:56:01.058 INFO  No se encontraron ordenes para enviar... 
21:58:00.769 INFO  .................................. 
21:58:00.769 INFO  Usuario cargado... 
21:58:00.881 INFO  Cargando las llaves de configuracion... 
21:58:00.881 INFO  Cargando plantilla de demograficos... 
21:58:00.881 INFO  Consultando ordenes para envio... 
21:58:01.232 INFO  No se encontraron ordenes para enviar... 
22:00:00.884 INFO  .................................. 
22:00:00.884 INFO  Usuario cargado... 
22:00:00.995 INFO  Cargando las llaves de configuracion... 
22:00:00.996 INFO  Cargando plantilla de demograficos... 
22:00:00.996 INFO  Consultando ordenes para envio... 
22:00:01.085 INFO  No se encontraron ordenes para enviar... 
22:02:00.859 INFO  .................................. 
22:02:00.859 INFO  Usuario cargado... 
22:02:00.970 INFO  Cargando las llaves de configuracion... 
22:02:00.970 INFO  Cargando plantilla de demograficos... 
22:02:00.970 INFO  Consultando ordenes para envio... 
22:02:01.057 INFO  No se encontraron ordenes para enviar... 
22:04:00.856 INFO  .................................. 
22:04:00.856 INFO  Usuario cargado... 
22:04:00.966 INFO  Cargando las llaves de configuracion... 
22:04:00.966 INFO  Cargando plantilla de demograficos... 
22:04:00.966 INFO  Consultando ordenes para envio... 
22:04:01.050 INFO  No se encontraron ordenes para enviar... 
22:06:00.812 INFO  .................................. 
22:06:00.812 INFO  Usuario cargado... 
22:06:00.922 INFO  Cargando las llaves de configuracion... 
22:06:00.922 INFO  Cargando plantilla de demograficos... 
22:06:00.922 INFO  Consultando ordenes para envio... 
22:06:01.013 INFO  No se encontraron ordenes para enviar... 
22:08:00.129 INFO  .................................. 
22:08:00.129 INFO  Usuario cargado... 
22:08:00.236 INFO  Cargando las llaves de configuracion... 
22:08:00.236 INFO  Cargando plantilla de demograficos... 
22:08:00.236 INFO  Consultando ordenes para envio... 
22:08:00.325 INFO  No se encontraron ordenes para enviar... 
22:10:00.187 INFO  .................................. 
22:10:00.187 INFO  Usuario cargado... 
22:10:00.295 INFO  Cargando las llaves de configuracion... 
22:10:00.295 INFO  Cargando plantilla de demograficos... 
22:10:00.295 INFO  Consultando ordenes para envio... 
22:10:00.377 INFO  No se encontraron ordenes para enviar... 
22:12:00.951 INFO  .................................. 
22:12:00.951 INFO  Usuario cargado... 
22:12:01.057 INFO  Cargando las llaves de configuracion... 
22:12:01.057 INFO  Cargando plantilla de demograficos... 
22:12:01.057 INFO  Consultando ordenes para envio... 
22:12:01.143 INFO  No se encontraron ordenes para enviar... 
22:14:01.059 INFO  .................................. 
22:14:01.059 INFO  Usuario cargado... 
22:14:01.170 INFO  Cargando las llaves de configuracion... 
22:14:01.170 INFO  Cargando plantilla de demograficos... 
22:14:01.170 INFO  Consultando ordenes para envio... 
22:14:01.256 INFO  No se encontraron ordenes para enviar... 
22:16:01.006 INFO  .................................. 
22:16:01.006 INFO  Usuario cargado... 
22:16:01.116 INFO  Cargando las llaves de configuracion... 
22:16:01.116 INFO  Cargando plantilla de demograficos... 
22:16:01.116 INFO  Consultando ordenes para envio... 
22:16:01.216 INFO  No se encontraron ordenes para enviar... 
22:18:01.029 INFO  .................................. 
22:18:01.029 INFO  Usuario cargado... 
22:18:01.138 INFO  Cargando las llaves de configuracion... 
22:18:01.138 INFO  Cargando plantilla de demograficos... 
22:18:01.138 INFO  Consultando ordenes para envio... 
22:18:01.230 INFO  No se encontraron ordenes para enviar... 
22:20:01.061 INFO  .................................. 
22:20:01.061 INFO  Usuario cargado... 
22:20:01.171 INFO  Cargando las llaves de configuracion... 
22:20:01.171 INFO  Cargando plantilla de demograficos... 
22:20:01.171 INFO  Consultando ordenes para envio... 
22:20:01.255 INFO  No se encontraron ordenes para enviar... 
22:22:01.008 INFO  .................................. 
22:22:01.008 INFO  Usuario cargado... 
22:22:01.122 INFO  Cargando las llaves de configuracion... 
22:22:01.122 INFO  Cargando plantilla de demograficos... 
22:22:01.122 INFO  Consultando ordenes para envio... 
22:22:01.228 INFO  Total de ordenes encontradas 1 
22:22:01.607 INFO  La orden no se encuentra completamente validada...202204050002 
22:22:01.607 INFO  Fin del envio de las ordenes encontradas... 
22:22:01.607 INFO  .................................. 
22:24:00.947 INFO  .................................. 
22:24:00.947 INFO  Usuario cargado... 
22:24:01.053 INFO  Cargando las llaves de configuracion... 
22:24:01.053 INFO  Cargando plantilla de demograficos... 
22:24:01.053 INFO  Consultando ordenes para envio... 
22:24:01.171 INFO  Total de ordenes encontradas 1 
22:26:00.973 INFO  .................................. 
22:26:00.973 INFO  Usuario cargado... 
22:26:01.081 INFO  Cargando las llaves de configuracion... 
22:26:01.081 INFO  Cargando plantilla de demograficos... 
22:26:01.081 INFO  Consultando ordenes para envio... 
22:26:01.196 INFO  Total de ordenes encontradas 1 
22:28:01.009 INFO  .................................. 
22:28:01.009 INFO  Usuario cargado... 
22:28:01.119 INFO  Cargando las llaves de configuracion... 
22:28:01.119 INFO  Cargando plantilla de demograficos... 
22:28:01.119 INFO  Consultando ordenes para envio... 
22:28:01.214 INFO  Total de ordenes encontradas 1 
22:30:00.982 INFO  .................................. 
22:30:00.982 INFO  Usuario cargado... 
22:30:01.091 INFO  Cargando las llaves de configuracion... 
22:30:01.091 INFO  Cargando plantilla de demograficos... 
22:30:01.091 INFO  Consultando ordenes para envio... 
22:30:01.186 INFO  Total de ordenes encontradas 1 
22:32:00.930 INFO  .................................. 
22:32:00.930 INFO  Usuario cargado... 
22:32:01.039 INFO  Cargando las llaves de configuracion... 
22:32:01.039 INFO  Cargando plantilla de demograficos... 
22:32:01.039 INFO  Consultando ordenes para envio... 
22:32:01.137 INFO  Total de ordenes encontradas 1 
22:34:00.846 INFO  .................................. 
22:34:00.847 INFO  Usuario cargado... 
22:34:00.951 INFO  Cargando las llaves de configuracion... 
22:34:00.951 INFO  Cargando plantilla de demograficos... 
22:34:00.951 INFO  Consultando ordenes para envio... 
22:34:01.038 INFO  Total de ordenes encontradas 1 
22:36:00.801 INFO  .................................. 
22:36:00.801 INFO  Usuario cargado... 
22:36:00.905 INFO  Cargando las llaves de configuracion... 
22:36:00.905 INFO  Cargando plantilla de demograficos... 
22:36:00.905 INFO  Consultando ordenes para envio... 
22:36:01.000 INFO  Total de ordenes encontradas 1 
22:38:01.021 INFO  .................................. 
22:38:01.021 INFO  Usuario cargado... 
22:38:01.136 INFO  Cargando las llaves de configuracion... 
22:38:01.136 INFO  Cargando plantilla de demograficos... 
22:38:01.136 INFO  Consultando ordenes para envio... 
22:38:01.228 INFO  Total de ordenes encontradas 1 
22:38:01.600 INFO  La orden no se encuentra completamente validada...202204050002 
22:38:01.600 INFO  Fin del envio de las ordenes encontradas... 
22:38:01.600 INFO  .................................. 
22:40:01.056 INFO  .................................. 
22:40:01.056 INFO  Usuario cargado... 
22:40:01.166 INFO  Cargando las llaves de configuracion... 
22:40:01.166 INFO  Cargando plantilla de demograficos... 
22:40:01.166 INFO  Consultando ordenes para envio... 
22:40:01.253 INFO  Total de ordenes encontradas 1 
22:42:00.182 INFO  .................................. 
22:42:00.182 INFO  Usuario cargado... 
22:42:00.292 INFO  Cargando las llaves de configuracion... 
22:42:00.292 INFO  Cargando plantilla de demograficos... 
22:42:00.292 INFO  Consultando ordenes para envio... 
22:42:00.389 INFO  Total de ordenes encontradas 1 
22:44:00.825 INFO  .................................. 
22:44:00.825 INFO  Usuario cargado... 
22:44:00.938 INFO  Cargando las llaves de configuracion... 
22:44:00.938 INFO  Cargando plantilla de demograficos... 
22:44:00.938 INFO  Consultando ordenes para envio... 
22:44:01.030 INFO  Total de ordenes encontradas 1 
22:46:01.076 INFO  .................................. 
22:46:01.076 INFO  Usuario cargado... 
22:46:02.188 INFO  Cargando las llaves de configuracion... 
22:46:02.188 INFO  Cargando plantilla de demograficos... 
22:46:02.188 INFO  Consultando ordenes para envio... 
22:46:02.274 INFO  Total de ordenes encontradas 1 
22:46:12.316 INFO  Se envio reporte de resultados de la orden 
22:46:12.979 INFO  Fin del envio de las ordenes encontradas... 
22:46:12.979 INFO  .......................... 
22:48:00.471 INFO  .................................. 
22:48:00.471 INFO  Usuario cargado... 
22:48:00.581 INFO  Cargando las llaves de configuracion... 
22:48:00.581 INFO  Cargando plantilla de demograficos... 
22:48:00.581 INFO  Consultando ordenes para envio... 
22:48:00.673 INFO  Total de ordenes encontradas 1 
22:48:00.745 INFO  No se encontro detalle para la orden...202204050002 
22:48:00.745 ERROR No se pudo consultar el detalle de la orden 202204050002 
22:50:00.595 INFO  .................................. 
22:50:00.595 INFO  Usuario cargado... 
22:50:00.707 INFO  Cargando las llaves de configuracion... 
22:50:00.707 INFO  Cargando plantilla de demograficos... 
22:50:00.707 INFO  Consultando ordenes para envio... 
22:50:00.795 INFO  Total de ordenes encontradas 1 
22:50:00.866 INFO  No se encontro detalle para la orden...202204050002 
22:50:00.866 ERROR No se pudo consultar el detalle de la orden 202204050002 
22:52:00.665 INFO  .................................. 
22:52:00.665 INFO  Usuario cargado... 
22:52:00.770 INFO  Cargando las llaves de configuracion... 
22:52:00.770 INFO  Cargando plantilla de demograficos... 
22:52:00.770 INFO  Consultando ordenes para envio... 
22:52:00.860 INFO  No se encontraron ordenes para enviar... 
22:54:00.778 INFO  .................................. 
22:54:00.778 INFO  Usuario cargado... 
22:54:00.887 INFO  Cargando las llaves de configuracion... 
22:54:00.887 INFO  Cargando plantilla de demograficos... 
22:54:00.887 INFO  Consultando ordenes para envio... 
22:54:00.974 INFO  No se encontraron ordenes para enviar... 
22:56:00.870 INFO  .................................. 
22:56:00.870 INFO  Usuario cargado... 
22:56:00.980 INFO  Cargando las llaves de configuracion... 
22:56:00.980 INFO  Cargando plantilla de demograficos... 
22:56:00.980 INFO  Consultando ordenes para envio... 
22:56:01.089 INFO  Total de ordenes encontradas 1 
22:56:01.166 INFO  No se encontro detalle para la orden...202204050002 
22:56:01.166 ERROR No se pudo consultar el detalle de la orden 202204050002 
22:58:00.944 INFO  .................................. 
22:58:00.944 INFO  Usuario cargado... 
22:58:01.054 INFO  Cargando las llaves de configuracion... 
22:58:01.054 INFO  Cargando plantilla de demograficos... 
22:58:01.054 INFO  Consultando ordenes para envio... 
22:58:01.159 INFO  Total de ordenes encontradas 1 
22:58:01.235 INFO  No se encontro detalle para la orden...202204050002 
22:58:01.235 ERROR No se pudo consultar el detalle de la orden 202204050002 
23:00:01.023 INFO  .................................. 
23:00:01.023 INFO  Usuario cargado... 
23:00:01.142 INFO  Cargando las llaves de configuracion... 
23:00:01.142 INFO  Cargando plantilla de demograficos... 
23:00:01.142 INFO  Consultando ordenes para envio... 
23:00:01.247 INFO  Total de ordenes encontradas 1 
23:00:01.320 INFO  No se encontro detalle para la orden...202204050002 
23:00:01.320 ERROR No se pudo consultar el detalle de la orden 202204050002 
23:02:00.251 INFO  .................................. 
23:02:00.251 INFO  Usuario cargado... 
23:02:00.359 INFO  Cargando las llaves de configuracion... 
23:02:00.359 INFO  Cargando plantilla de demograficos... 
23:02:00.359 INFO  Consultando ordenes para envio... 
23:02:00.466 INFO  Total de ordenes encontradas 1 
23:02:00.541 INFO  No se encontro detalle para la orden...202204050002 
23:02:00.541 ERROR No se pudo consultar el detalle de la orden 202204050002 
23:04:00.259 INFO  .................................. 
23:04:00.259 INFO  Usuario cargado... 
23:04:00.366 INFO  Cargando las llaves de configuracion... 
23:04:00.366 INFO  Cargando plantilla de demograficos... 
23:04:00.366 INFO  Consultando ordenes para envio... 
23:04:00.462 INFO  Total de ordenes encontradas 1 
23:04:00.533 INFO  No se encontro detalle para la orden...202204050002 
23:04:00.533 ERROR No se pudo consultar el detalle de la orden 202204050002 
23:06:00.989 INFO  .................................. 
23:06:00.989 INFO  Usuario cargado... 
23:06:01.101 INFO  Cargando las llaves de configuracion... 
23:06:01.102 INFO  Cargando plantilla de demograficos... 
23:06:01.102 INFO  Consultando ordenes para envio... 
23:06:01.205 INFO  Total de ordenes encontradas 1 
23:06:01.526 INFO  La orden no se encuentra completamente validada...202204050002 
23:06:01.526 INFO  Fin del envio de las ordenes encontradas... 
23:06:01.526 INFO  .................................. 
23:08:01.035 INFO  .................................. 
23:08:01.035 INFO  Usuario cargado... 
23:08:01.142 INFO  Cargando las llaves de configuracion... 
23:08:01.142 INFO  Cargando plantilla de demograficos... 
23:08:01.142 INFO  Consultando ordenes para envio... 
23:08:01.250 INFO  Total de ordenes encontradas 1 
23:08:01.325 INFO  No se encontro detalle para la orden...202204050002 
23:08:01.325 ERROR No se pudo consultar el detalle de la orden 202204050002 
23:10:00.149 INFO  .................................. 
23:10:00.149 INFO  Usuario cargado... 
23:10:00.262 INFO  Cargando las llaves de configuracion... 
23:10:00.262 INFO  Cargando plantilla de demograficos... 
23:10:00.262 INFO  Consultando ordenes para envio... 
23:10:00.362 INFO  Total de ordenes encontradas 1 
23:10:00.440 INFO  No se encontro detalle para la orden...202204050002 
23:10:00.440 ERROR No se pudo consultar el detalle de la orden 202204050002 
23:12:00.283 INFO  .................................. 
23:12:00.283 INFO  Usuario cargado... 
23:12:00.388 INFO  Cargando las llaves de configuracion... 
23:12:00.388 INFO  Cargando plantilla de demograficos... 
23:12:00.388 INFO  Consultando ordenes para envio... 
23:12:00.483 INFO  Total de ordenes encontradas 1 
23:12:00.558 INFO  No se encontro detalle para la orden...202204050002 
23:12:00.558 ERROR No se pudo consultar el detalle de la orden 202204050002 
23:14:00.394 INFO  .................................. 
23:14:00.394 INFO  Usuario cargado... 
23:14:00.497 INFO  Cargando las llaves de configuracion... 
23:14:00.498 INFO  Cargando plantilla de demograficos... 
23:14:00.498 INFO  Consultando ordenes para envio... 
23:14:00.613 INFO  Total de ordenes encontradas 1 
23:14:00.687 INFO  No se encontro detalle para la orden...202204050002 
23:14:00.687 ERROR No se pudo consultar el detalle de la orden 202204050002 
23:16:00.454 INFO  .................................. 
23:16:00.454 INFO  Usuario cargado... 
23:16:00.564 INFO  Cargando las llaves de configuracion... 
23:16:00.564 INFO  Cargando plantilla de demograficos... 
23:16:00.564 INFO  Consultando ordenes para envio... 
23:16:00.670 INFO  Total de ordenes encontradas 1 
23:16:00.742 INFO  No se encontro detalle para la orden...202204050002 
23:16:00.742 ERROR No se pudo consultar el detalle de la orden 202204050002 
23:18:00.473 INFO  .................................. 
23:18:00.473 INFO  Usuario cargado... 
23:18:00.582 INFO  Cargando las llaves de configuracion... 
23:18:00.582 INFO  Cargando plantilla de demograficos... 
23:18:00.582 INFO  Consultando ordenes para envio... 
23:18:00.682 INFO  Total de ordenes encontradas 1 
23:18:00.763 INFO  No se encontro detalle para la orden...202204050002 
23:18:00.763 ERROR No se pudo consultar el detalle de la orden 202204050002 
23:20:03.366 INFO  .................................. 
23:20:03.366 INFO  Usuario cargado... 
23:20:03.474 INFO  Cargando las llaves de configuracion... 
23:20:03.474 INFO  Cargando plantilla de demograficos... 
23:20:03.474 INFO  Consultando ordenes para envio... 
23:20:03.576 INFO  Total de ordenes encontradas 1 
23:20:03.653 INFO  No se encontro detalle para la orden...202204050002 
23:20:03.653 ERROR No se pudo consultar el detalle de la orden 202204050002 
23:22:00.368 INFO  .................................. 
23:22:00.368 INFO  Usuario cargado... 
23:22:00.477 INFO  Cargando las llaves de configuracion... 
23:22:00.477 INFO  Cargando plantilla de demograficos... 
23:22:00.477 INFO  Consultando ordenes para envio... 
23:22:00.587 INFO  Total de ordenes encontradas 1 
23:22:00.666 INFO  No se encontro detalle para la orden...202204050002 
23:22:00.666 ERROR No se pudo consultar el detalle de la orden 202204050002 
23:24:00.744 INFO  .................................. 
23:24:00.744 INFO  Usuario cargado... 
23:24:00.852 INFO  Cargando las llaves de configuracion... 
23:24:00.853 INFO  Cargando plantilla de demograficos... 
23:24:00.853 INFO  Consultando ordenes para envio... 
23:24:00.947 INFO  Total de ordenes encontradas 1 
23:24:01.221 INFO  La orden no se encuentra completamente validada...202204050002 
23:24:01.221 INFO  Fin del envio de las ordenes encontradas... 
23:24:01.221 INFO  .................................. 
23:26:00.736 INFO  .................................. 
23:26:00.736 INFO  Usuario cargado... 
23:26:00.851 INFO  Cargando las llaves de configuracion... 
23:26:00.851 INFO  Cargando plantilla de demograficos... 
23:26:00.851 INFO  Consultando ordenes para envio... 
23:26:00.941 INFO  No se encontraron ordenes para enviar... 
23:28:00.833 INFO  .................................. 
23:28:00.833 INFO  Usuario cargado... 
23:28:00.943 INFO  Cargando las llaves de configuracion... 
23:28:00.943 INFO  Cargando plantilla de demograficos... 
23:28:00.943 INFO  Consultando ordenes para envio... 
23:28:01.034 INFO  No se encontraron ordenes para enviar... 
23:30:00.970 INFO  .................................. 
23:30:00.970 INFO  Usuario cargado... 
23:30:01.075 INFO  Cargando las llaves de configuracion... 
23:30:01.075 INFO  Cargando plantilla de demograficos... 
23:30:01.075 INFO  Consultando ordenes para envio... 
23:30:01.167 INFO  No se encontraron ordenes para enviar... 
23:32:00.985 INFO  .................................. 
23:32:00.985 INFO  Usuario cargado... 
23:32:01.094 INFO  Cargando las llaves de configuracion... 
23:32:01.094 INFO  Cargando plantilla de demograficos... 
23:32:01.094 INFO  Consultando ordenes para envio... 
23:32:01.221 INFO  Total de ordenes encontradas 2 
23:32:01.427 INFO  La orden no se encuentra completamente validada...202204050001 
23:32:01.427 INFO  Fin del envio de las ordenes encontradas... 
23:32:01.427 INFO  .................................. 
