07:26:00.648 INFO  .................................. 
07:26:00.648 INFO  Usuario cargado... 
07:26:00.757 INFO  Cargando las llaves de configuracion... 
07:26:00.758 INFO  Cargando plantilla de demograficos... 
07:26:00.758 INFO  Consultando ordenes para envio... 
07:26:00.846 INFO  No se encontraron ordenes para enviar... 
07:28:00.615 INFO  .................................. 
07:28:00.615 INFO  Usuario cargado... 
07:28:00.725 INFO  Cargando las llaves de configuracion... 
07:28:00.725 INFO  Cargando plantilla de demograficos... 
07:28:00.725 INFO  Consultando ordenes para envio... 
07:28:00.812 INFO  No se encontraron ordenes para enviar... 
07:30:00.599 INFO  .................................. 
07:30:00.599 INFO  Usuario cargado... 
07:30:00.706 INFO  Cargando las llaves de configuracion... 
07:30:00.706 INFO  Cargando plantilla de demograficos... 
07:30:00.706 INFO  Consultando ordenes para envio... 
07:30:00.846 INFO  Total de ordenes encontradas 3 
07:30:01.155 INFO  La orden no se encuentra completamente validada...202204060001 
07:30:01.335 INFO  La orden no se encuentra completamente validada...202204060002 
07:30:01.600 INFO  La orden no se encuentra completamente validada...202204060003 
07:30:01.601 ERROR No se pudo consultar el detalle de la orden 202204060003 
07:32:00.631 INFO  .................................. 
07:32:00.631 INFO  Usuario cargado... 
07:32:00.741 INFO  Cargando las llaves de configuracion... 
07:32:00.741 INFO  Cargando plantilla de demograficos... 
07:32:00.741 INFO  Consultando ordenes para envio... 
07:32:00.891 INFO  Total de ordenes encontradas 3 
07:32:01.161 INFO  La orden no se encuentra completamente validada...202204060001 
07:32:01.353 INFO  La orden no se encuentra completamente validada...202204060002 
07:32:01.627 INFO  La orden no se encuentra completamente validada...202204060003 
07:32:01.628 ERROR No se pudo consultar el detalle de la orden 202204060003 
07:34:00.106 INFO  .................................. 
07:34:00.106 INFO  Usuario cargado... 
07:34:00.217 INFO  Cargando las llaves de configuracion... 
07:34:00.217 INFO  Cargando plantilla de demograficos... 
07:34:00.217 INFO  Consultando ordenes para envio... 
07:34:00.401 INFO  Total de ordenes encontradas 3 
07:34:00.674 INFO  La orden no se encuentra completamente validada...202204060001 
07:34:00.867 INFO  La orden no se encuentra completamente validada...202204060002 
07:34:01.139 INFO  La orden no se encuentra completamente validada...202204060003 
07:34:01.140 INFO  Fin del envio de las ordenes encontradas... 
07:34:01.140 INFO  .................................. 
07:36:00.229 INFO  .................................. 
07:36:00.229 INFO  Usuario cargado... 
07:36:00.338 INFO  Cargando las llaves de configuracion... 
07:36:00.338 INFO  Cargando plantilla de demograficos... 
07:36:00.338 INFO  Consultando ordenes para envio... 
07:36:00.477 INFO  Total de ordenes encontradas 3 
07:36:00.747 INFO  La orden no se encuentra completamente validada...202204060001 
07:36:00.942 INFO  La orden no se encuentra completamente validada...202204060002 
07:36:01.222 INFO  La orden no se encuentra completamente validada...202204060003 
07:36:01.223 INFO  Fin del envio de las ordenes encontradas... 
07:36:01.223 INFO  .................................. 
07:38:00.229 INFO  .................................. 
07:38:00.229 INFO  Usuario cargado... 
07:38:00.338 INFO  Cargando las llaves de configuracion... 
07:38:00.338 INFO  Cargando plantilla de demograficos... 
07:38:00.338 INFO  Consultando ordenes para envio... 
07:38:00.493 INFO  Total de ordenes encontradas 3 
07:38:00.829 INFO  La orden no se encuentra completamente validada...202204060001 
07:38:01.036 INFO  La orden no se encuentra completamente validada...202204060002 
07:38:01.294 INFO  La orden no se encuentra completamente validada...202204060003 
07:38:01.295 INFO  Fin del envio de las ordenes encontradas... 
07:38:01.295 INFO  .................................. 
07:40:00.344 INFO  .................................. 
07:40:00.344 INFO  Usuario cargado... 
07:40:00.453 INFO  Cargando las llaves de configuracion... 
07:40:00.453 INFO  Cargando plantilla de demograficos... 
07:40:00.453 INFO  Consultando ordenes para envio... 
07:40:00.587 INFO  Total de ordenes encontradas 3 
07:40:00.869 INFO  La orden no se encuentra completamente validada...202204060001 
07:40:01.064 INFO  La orden no se encuentra completamente validada...202204060002 
07:40:01.327 INFO  La orden no se encuentra completamente validada...202204060003 
07:40:01.328 INFO  Fin del envio de las ordenes encontradas... 
07:40:01.328 INFO  .................................. 
07:42:00.337 INFO  .................................. 
07:42:00.337 INFO  Usuario cargado... 
07:42:00.527 INFO  Cargando las llaves de configuracion... 
07:42:00.527 INFO  Cargando plantilla de demograficos... 
07:42:00.527 INFO  Consultando ordenes para envio... 
07:42:00.670 INFO  Total de ordenes encontradas 3 
07:42:00.930 INFO  La orden no se encuentra completamente validada...202204060001 
07:42:01.121 INFO  La orden no se encuentra completamente validada...202204060002 
07:42:11.995 INFO  Se envio reporte de resultados de la orden[object Object] 
07:42:12.599 INFO  Fin del envio de las ordenes encontradas... 
07:42:12.599 INFO  .......................... 
07:44:00.292 INFO  .................................. 
07:44:00.292 INFO  Usuario cargado... 
07:44:00.399 INFO  Cargando las llaves de configuracion... 
07:44:00.400 INFO  Cargando plantilla de demograficos... 
07:44:00.400 INFO  Consultando ordenes para envio... 
07:44:00.534 INFO  Total de ordenes encontradas 3 
07:44:00.800 INFO  La orden no se encuentra completamente validada...202204060001 
07:44:00.993 INFO  La orden no se encuentra completamente validada...202204060002 
07:44:05.550 INFO  Se envio reporte de resultados de la orden[object Object] 
07:44:05.866 INFO  Fin del envio de las ordenes encontradas... 
07:44:05.866 INFO  .......................... 
07:46:00.969 INFO  .................................. 
07:46:00.969 INFO  Usuario cargado... 
07:46:01.080 INFO  Cargando las llaves de configuracion... 
07:46:01.081 INFO  Cargando plantilla de demograficos... 
07:46:01.081 INFO  Consultando ordenes para envio... 
07:46:01.226 INFO  Total de ordenes encontradas 3 
07:46:01.487 INFO  La orden no se encuentra completamente validada...202204060001 
07:46:01.697 INFO  La orden no se encuentra completamente validada...202204060002 
07:46:06.663 INFO  Se envio reporte de resultados de la orden[object Object] 
07:46:07.010 INFO  Fin del envio de las ordenes encontradas... 
07:46:07.010 INFO  .......................... 
07:48:00.186 INFO  .................................. 
07:48:00.186 INFO  Usuario cargado... 
07:48:00.295 INFO  Cargando las llaves de configuracion... 
07:48:00.296 INFO  Cargando plantilla de demograficos... 
07:48:00.296 INFO  Consultando ordenes para envio... 
07:48:00.444 INFO  Total de ordenes encontradas 3 
07:48:00.731 INFO  La orden no se encuentra completamente validada...202204060001 
07:48:00.917 INFO  La orden no se encuentra completamente validada...202204060002 
07:48:05.197 INFO  Se envio reporte de resultados de la orden[object Object] 
07:48:05.487 INFO  Fin del envio de las ordenes encontradas... 
07:48:05.487 INFO  .......................... 
07:50:00.718 INFO  .................................. 
07:50:00.718 INFO  Usuario cargado... 
07:50:00.826 INFO  Cargando las llaves de configuracion... 
07:50:00.826 INFO  Cargando plantilla de demograficos... 
07:50:00.827 INFO  Consultando ordenes para envio... 
07:50:00.990 INFO  Total de ordenes encontradas 3 
07:50:01.352 INFO  La orden no se encuentra completamente validada...202204060001 
07:50:01.546 INFO  La orden no se encuentra completamente validada...202204060002 
07:50:05.925 INFO  Se envio reporte de resultados de la orden[object Object] 
07:50:06.217 INFO  Fin del envio de las ordenes encontradas... 
07:50:06.217 INFO  .......................... 
07:52:00.490 INFO  .................................. 
07:52:00.490 INFO  Usuario cargado... 
07:52:00.605 INFO  Cargando las llaves de configuracion... 
07:52:00.605 INFO  Cargando plantilla de demograficos... 
07:52:00.605 INFO  Consultando ordenes para envio... 
07:52:00.779 INFO  Total de ordenes encontradas 3 
07:52:01.133 INFO  La orden no se encuentra completamente validada...202204060001 
07:52:01.332 INFO  La orden no se encuentra completamente validada...202204060002 
07:52:05.699 INFO  Se envio reporte de resultados de la orden[object Object] 
07:52:05.996 INFO  Fin del envio de las ordenes encontradas... 
07:52:05.996 INFO  .......................... 
08:40:00.246 INFO  .................................. 
08:40:00.246 INFO  Usuario cargado... 
08:40:00.363 INFO  Cargando las llaves de configuracion... 
08:40:00.363 INFO  Cargando plantilla de demograficos... 
08:40:00.363 INFO  Consultando ordenes para envio... 
08:40:00.483 INFO  No se encontraron ordenes para enviar... 
08:42:00.175 INFO  .................................. 
08:42:00.175 INFO  Usuario cargado... 
08:42:00.284 INFO  Cargando las llaves de configuracion... 
08:42:00.284 INFO  Cargando plantilla de demograficos... 
08:42:00.284 INFO  Consultando ordenes para envio... 
08:42:00.369 INFO  No se encontraron ordenes para enviar... 
08:44:00.174 INFO  .................................. 
08:44:00.174 INFO  Usuario cargado... 
08:44:00.302 INFO  Cargando las llaves de configuracion... 
08:44:00.302 INFO  Cargando plantilla de demograficos... 
08:44:00.302 INFO  Consultando ordenes para envio... 
08:44:00.387 INFO  No se encontraron ordenes para enviar... 
08:46:00.213 INFO  .................................. 
08:46:00.213 INFO  Usuario cargado... 
08:46:00.321 INFO  Cargando las llaves de configuracion... 
08:46:00.321 INFO  Cargando plantilla de demograficos... 
08:46:00.321 INFO  Consultando ordenes para envio... 
08:46:00.405 INFO  No se encontraron ordenes para enviar... 
08:48:00.111 INFO  .................................. 
08:48:00.111 INFO  Usuario cargado... 
08:48:00.217 INFO  Cargando las llaves de configuracion... 
08:48:00.217 INFO  Cargando plantilla de demograficos... 
08:48:00.217 INFO  Consultando ordenes para envio... 
08:48:00.303 INFO  No se encontraron ordenes para enviar... 
08:50:01.078 INFO  .................................. 
08:50:01.078 INFO  Usuario cargado... 
08:50:01.186 INFO  Cargando las llaves de configuracion... 
08:50:01.186 INFO  Cargando plantilla de demograficos... 
08:50:01.186 INFO  Consultando ordenes para envio... 
08:50:01.269 INFO  No se encontraron ordenes para enviar... 
08:52:00.990 INFO  .................................. 
08:52:00.990 INFO  Usuario cargado... 
08:52:01.097 INFO  Cargando las llaves de configuracion... 
08:52:01.097 INFO  Cargando plantilla de demograficos... 
08:52:01.097 INFO  Consultando ordenes para envio... 
08:52:01.183 INFO  No se encontraron ordenes para enviar... 
08:54:00.889 INFO  .................................. 
08:54:00.889 INFO  Usuario cargado... 
08:54:00.991 INFO  Cargando las llaves de configuracion... 
08:54:00.991 INFO  Cargando plantilla de demograficos... 
08:54:00.991 INFO  Consultando ordenes para envio... 
08:54:01.075 INFO  No se encontraron ordenes para enviar... 
08:56:00.863 INFO  .................................. 
08:56:00.863 INFO  Usuario cargado... 
08:56:00.966 INFO  Cargando las llaves de configuracion... 
08:56:00.966 INFO  Cargando plantilla de demograficos... 
08:56:00.966 INFO  Consultando ordenes para envio... 
08:56:01.052 INFO  Total de ordenes encontradas 1 
08:56:05.916 INFO  Se envio reporte de resultados de la orden[object Object] 
08:56:06.080 INFO  Fin del envio de las ordenes encontradas... 
08:56:06.080 INFO  .......................... 
08:58:01.030 INFO  .................................. 
08:58:01.030 INFO  Usuario cargado... 
08:58:01.144 INFO  Cargando las llaves de configuracion... 
08:58:01.145 INFO  Cargando plantilla de demograficos... 
08:58:01.145 INFO  Consultando ordenes para envio... 
08:58:01.234 INFO  No se encontraron ordenes para enviar... 
09:00:01.081 INFO  .................................. 
09:00:01.081 INFO  Usuario cargado... 
09:00:01.191 INFO  Cargando las llaves de configuracion... 
09:00:01.191 INFO  Cargando plantilla de demograficos... 
09:00:01.191 INFO  Consultando ordenes para envio... 
09:00:01.282 INFO  Total de ordenes encontradas 1 
09:00:05.303 INFO  Se envio reporte de resultados de la orden[object Object] 
09:00:05.434 INFO  Fin del envio de las ordenes encontradas... 
09:00:05.434 INFO  .......................... 
09:02:01.037 INFO  .................................. 
09:02:01.037 INFO  Usuario cargado... 
09:02:01.145 INFO  Cargando las llaves de configuracion... 
09:02:01.145 INFO  Cargando plantilla de demograficos... 
09:02:01.146 INFO  Consultando ordenes para envio... 
09:02:01.238 INFO  No se encontraron ordenes para enviar... 
09:04:00.156 INFO  .................................. 
09:04:00.156 INFO  Usuario cargado... 
09:04:00.255 INFO  Cargando las llaves de configuracion... 
09:04:00.255 INFO  Cargando plantilla de demograficos... 
09:04:00.255 INFO  Consultando ordenes para envio... 
09:04:00.340 INFO  No se encontraron ordenes para enviar... 
09:06:00.164 INFO  .................................. 
09:06:00.164 INFO  Usuario cargado... 
09:06:00.267 INFO  Cargando las llaves de configuracion... 
09:06:00.267 INFO  Cargando plantilla de demograficos... 
09:06:00.267 INFO  Consultando ordenes para envio... 
09:06:00.343 INFO  No se encontraron ordenes para enviar... 
09:08:00.124 INFO  .................................. 
09:08:00.124 INFO  Usuario cargado... 
09:08:00.232 INFO  Cargando las llaves de configuracion... 
09:08:00.232 INFO  Cargando plantilla de demograficos... 
09:08:00.232 INFO  Consultando ordenes para envio... 
09:08:00.316 INFO  No se encontraron ordenes para enviar... 
09:10:00.088 INFO  .................................. 
09:10:00.088 INFO  Usuario cargado... 
09:10:00.191 INFO  Cargando las llaves de configuracion... 
09:10:00.191 INFO  Cargando plantilla de demograficos... 
09:10:00.191 INFO  Consultando ordenes para envio... 
09:10:00.282 INFO  No se encontraron ordenes para enviar... 
09:12:00.187 INFO  .................................. 
09:12:00.187 INFO  Usuario cargado... 
09:12:00.294 INFO  Cargando las llaves de configuracion... 
09:12:00.294 INFO  Cargando plantilla de demograficos... 
09:12:00.294 INFO  Consultando ordenes para envio... 
09:12:00.388 INFO  No se encontraron ordenes para enviar... 
09:14:00.099 INFO  .................................. 
09:14:00.099 INFO  Usuario cargado... 
09:14:00.206 INFO  Cargando las llaves de configuracion... 
09:14:00.206 INFO  Cargando plantilla de demograficos... 
09:14:00.206 INFO  Consultando ordenes para envio... 
09:14:00.294 INFO  No se encontraron ordenes para enviar... 
09:16:00.119 INFO  .................................. 
09:16:00.119 INFO  Usuario cargado... 
09:16:00.223 INFO  Cargando las llaves de configuracion... 
09:16:00.223 INFO  Cargando plantilla de demograficos... 
09:16:00.223 INFO  Consultando ordenes para envio... 
09:16:00.309 INFO  No se encontraron ordenes para enviar... 
09:20:00.173 INFO  .................................. 
09:20:00.173 INFO  Usuario cargado... 
09:20:00.292 INFO  Cargando las llaves de configuracion... 
09:20:00.292 INFO  Cargando plantilla de demograficos... 
09:20:00.292 INFO  Consultando ordenes para envio... 
09:20:00.379 INFO  No se encontraron ordenes para enviar... 
09:22:00.182 INFO  .................................. 
09:22:00.182 INFO  Usuario cargado... 
09:22:00.290 INFO  Cargando las llaves de configuracion... 
09:22:00.291 INFO  Cargando plantilla de demograficos... 
09:22:00.291 INFO  Consultando ordenes para envio... 
09:22:00.377 INFO  No se encontraron ordenes para enviar... 
09:24:00.164 INFO  .................................. 
09:24:00.164 INFO  Usuario cargado... 
09:24:00.271 INFO  Cargando las llaves de configuracion... 
09:24:00.271 INFO  Cargando plantilla de demograficos... 
09:24:00.271 INFO  Consultando ordenes para envio... 
09:24:00.347 INFO  No se encontraron ordenes para enviar... 
09:26:00.186 INFO  .................................. 
09:26:00.186 INFO  Usuario cargado... 
09:26:00.288 INFO  Cargando las llaves de configuracion... 
09:26:00.288 INFO  Cargando plantilla de demograficos... 
09:26:00.288 INFO  Consultando ordenes para envio... 
09:26:00.372 INFO  No se encontraron ordenes para enviar... 
09:28:00.186 INFO  .................................. 
09:28:00.186 INFO  Usuario cargado... 
09:28:00.295 INFO  Cargando las llaves de configuracion... 
09:28:00.295 INFO  Cargando plantilla de demograficos... 
09:28:00.295 INFO  Consultando ordenes para envio... 
09:28:00.377 INFO  No se encontraron ordenes para enviar... 
09:30:00.243 INFO  .................................. 
09:30:00.243 INFO  Usuario cargado... 
09:30:00.350 INFO  Cargando las llaves de configuracion... 
09:30:00.350 INFO  Cargando plantilla de demograficos... 
09:30:00.350 INFO  Consultando ordenes para envio... 
09:30:00.438 INFO  No se encontraron ordenes para enviar... 
